[1685887885] tracker: openat(/var/run/utmp, 2000000, 0)	(uid=1000, suid=0, euid=0)
[1685887885] tracker: openat(/var/run/utmp, 2000002, 0)	(uid=1000, suid=0, euid=0)
[1685887885] tracker: openat(/etc/login.defs, 0, 0)	(uid=1000, suid=0, euid=0)
[1685887885] tracker: openat(/etc/login.defs, 0, 0)	(uid=1000, suid=0, euid=0)
[1685887885] tracker: openat(/home/purposelessness/.bash_history, 2001, 0)	(uid=1000, suid=1000, euid=1000)
[1685887885] tracker: openat(/home/purposelessness/.bash_history, 0, 0)	(uid=1000, suid=1000, euid=1000)
[1685887885] tracker: openat(/proc/2939/comm, 2000000, 0)	(uid=1000, suid=1000, euid=1000)
[1685887885] tracker: openat(/proc/2939/comm, 2000000, 0)	(uid=1000, suid=1000, euid=1000)
[1685887885] tracker: openat(/proc/2939/cgroup, 2000000, 0)	(uid=1000, suid=1000, euid=1000)
[1685887885] tracker: openat(/sys/fs/cgroup/user.slice/user-1000.slice/user@1000.service/app.slice/app-org.gnome.Terminal.slice/vte-spawn-405b8a28-c961-4229-b15f-386ce29bb286.scope/memory.events, 2000000, 0)	(uid=1000, suid=1000, euid=1000)
[1685887885] tracker: openat(/run/user/1000/.mutter-Xwaylandauth.457051, 0, 0)	(uid=1000, suid=1000, euid=1000)
[1685887885] tracker: openat(/proc/1971/cmdline, 0, 0)	(uid=1000, suid=1000, euid=1000)
[1685887886] tracker: chdir(/home/purposelessness)	(uid=1000, suid=1000, euid=1000)
[1685887886] tracker: openat(/home/purposelessness/.bash_history, 2001, 0)	(uid=1000, suid=1000, euid=1000)
[1685887886] tracker: openat(/home/purposelessness/.bash_history, 0, 0)	(uid=1000, suid=1000, euid=1000)
[1685887886] tracker: openat(/run/user/1000/.mutter-Xwaylandauth.457051, 0, 0)	(uid=1000, suid=1000, euid=1000)
[1685887886] tracker: openat(/proc/1971/cmdline, 0, 0)	(uid=1000, suid=1000, euid=1000)
[1685887887] tracker: openat(/dev/null, 1101, 666)	(uid=1000, suid=1000, euid=1000)
[1685887887] tracker: openat(/dev/null, 1101, 666)	(uid=1000, suid=1000, euid=1000)
[1685887887] tracker: openat(., 2204000, 0)	(uid=1000, suid=1000, euid=1000)
[1685887887] tracker: openat(/dev/null, 1101, 666)	(uid=1000, suid=1000, euid=1000)
[1685887888] tracker: openat(/run/user/1000/.mutter-Xwaylandauth.457051, 0, 0)	(uid=1000, suid=1000, euid=1000)
[1685887888] tracker: openat(/proc/1971/cmdline, 0, 0)	(uid=1000, suid=1000, euid=1000)
[1685887888] tracker: chdir(/home/purposelessness/malware)	(uid=1000, suid=1000, euid=1000)
[1685887888] tracker: openat(/home/purposelessness/.bash_history, 2001, 0)	(uid=1000, suid=1000, euid=1000)
[1685887888] tracker: openat(/home/purposelessness/.bash_history, 0, 0)	(uid=1000, suid=1000, euid=1000)
[1685887889] tracker: openat(/run/user/1000/.mutter-Xwaylandauth.457051, 0, 0)	(uid=1000, suid=1000, euid=1000)
[1685887889] tracker: openat(/proc/1971/cmdline, 0, 0)	(uid=1000, suid=1000, euid=1000)
[1685887889] tracker: openat(/home/purposelessness/malware/, 2204000, 0)	(uid=1000, suid=1000, euid=1000)
[1685887890] tracker: openat(/run/user/1000/.mutter-Xwaylandauth.457051, 0, 0)	(uid=1000, suid=1000, euid=1000)
[1685887890] tracker: openat(/proc/1971/cmdline, 0, 0)	(uid=1000, suid=1000, euid=1000)
[1685887890] tracker: execve(./a.out, {./a.out})	(uid=1000, suid=1000, euid=1000)
[1685887890] tracker: openat(/etc/ld.so.cache, 2000000, 0)	(uid=1000, suid=1000, euid=1000)
[1685887890] tracker: openat(/lib/x86_64-linux-gnu/libc.so.6, 2000000, 0)	(uid=1000, suid=1000, euid=1000)
[1685887890] tracker: openat(/home/purposelessness/.bash_history, 2001, 0)	(uid=1000, suid=1000, euid=1000)
[1685887890] tracker: openat(/home/purposelessness/.bash_history, 0, 0)	(uid=1000, suid=1000, euid=1000)
[1685887891] tracker: openat(/run/user/1000/.mutter-Xwaylandauth.457051, 0, 0)	(uid=1000, suid=1000, euid=1000)
[1685887891] tracker: openat(/proc/1971/cmdline, 0, 0)	(uid=1000, suid=1000, euid=1000)
[1685887892] tracker: openat(/run/user/1000/.mutter-Xwaylandauth.457051, 0, 0)	(uid=1000, suid=1000, euid=1000)
[1685887892] tracker: openat(/proc/1971/cmdline, 0, 0)	(uid=1000, suid=1000, euid=1000)
[1685887893] tracker: openat(/run/user/1000/.mutter-Xwaylandauth.457051, 0, 0)	(uid=1000, suid=1000, euid=1000)
[1685887893] tracker: openat(/proc/1971/cmdline, 0, 0)	(uid=1000, suid=1000, euid=1000)
[1685887894] tracker: openat(/run/user/1000/.mutter-Xwaylandauth.457051, 0, 0)	(uid=1000, suid=1000, euid=1000)
[1685887894] tracker: openat(/proc/1971/cmdline, 0, 0)	(uid=1000, suid=1000, euid=1000)
[1685887895] tracker: openat(/run/user/1000/.mutter-Xwaylandauth.457051, 0, 0)	(uid=1000, suid=1000, euid=1000)
[1685887895] tracker: openat(/proc/1971/cmdline, 0, 0)	(uid=1000, suid=1000, euid=1000)
[1685887895] tracker: openat(/dev/null, 1101, 666)	(uid=1000, suid=1000, euid=1000)
[1685887895] tracker: openat(/dev/null, 1101, 666)	(uid=1000, suid=1000, euid=1000)
[1685887895] tracker: openat(., 2204000, 0)	(uid=1000, suid=1000, euid=1000)
[1685887895] tracker: openat(., 2204000, 0)	(uid=1000, suid=1000, euid=1000)
[1685887896] tracker: openat(/proc/1971/cmdline, 0, 0)	(uid=1000, suid=1000, euid=1000)
[1685887896] tracker: execve(/usr/bin/vim, {vim, test.txt})	(uid=1000, suid=1000, euid=1000)
[1685887896] tracker: openat(/etc/ld.so.cache, 2000000, 0)	(uid=1000, suid=1000, euid=1000)
[1685887896] tracker: openat(/lib/x86_64-linux-gnu/libm.so.6, 2000000, 0)	(uid=1000, suid=1000, euid=1000)
[1685887896] tracker: openat(/lib/x86_64-linux-gnu/libtinfo.so.6, 2000000, 0)	(uid=1000, suid=1000, euid=1000)
[1685887896] tracker: openat(/lib/x86_64-linux-gnu/libselinux.so.1, 2000000, 0)	(uid=1000, suid=1000, euid=1000)
[1685887896] tracker: openat(/lib/x86_64-linux-gnu/libsodium.so.23, 2000000, 0)	(uid=1000, suid=1000, euid=1000)
[1685887896] tracker: openat(/lib/x86_64-linux-gnu/libacl.so.1, 2000000, 0)	(uid=1000, suid=1000, euid=1000)
[1685887896] tracker: openat(/lib/x86_64-linux-gnu/libgpm.so.2, 2000000, 0)	(uid=1000, suid=1000, euid=1000)
[1685887896] tracker: openat(/lib/x86_64-linux-gnu/libpython3.10.so.1.0, 2000000, 0)	(uid=1000, suid=1000, euid=1000)
[1685887896] tracker: openat(/lib/x86_64-linux-gnu/libc.so.6, 2000000, 0)	(uid=1000, suid=1000, euid=1000)
[1685887896] tracker: openat(/lib/x86_64-linux-gnu/libpcre2-8.so.0, 2000000, 0)	(uid=1000, suid=1000, euid=1000)
[1685887896] tracker: openat(/lib/x86_64-linux-gnu/libexpat.so.1, 2000000, 0)	(uid=1000, suid=1000, euid=1000)
[1685887896] tracker: openat(/lib/x86_64-linux-gnu/libz.so.1, 2000000, 0)	(uid=1000, suid=1000, euid=1000)
[1685887896] tracker: openat(/proc/filesystems, 2000000, 0)	(uid=1000, suid=1000, euid=1000)
[1685887896] tracker: openat(/usr/lib/locale/locale-archive, 2000000, 0)	(uid=1000, suid=1000, euid=1000)
[1685887896] tracker: chdir(/home/purposelessness/malware)	(uid=1000, suid=1000, euid=1000)
[1685887896] tracker: chdir(/home/purposelessness)	(uid=1000, suid=1000, euid=1000)
[1685887896] tracker: chdir(/home/purposelessness/malware)	(uid=1000, suid=1000, euid=1000)
[1685887896] tracker: openat(/usr/share/locale/locale.alias, 2000000, 0)	(uid=1000, suid=1000, euid=1000)
[1685887896] tracker: openat(/usr/share/vim/vim82/lang/en_US/LC_MESSAGES/vim.mo, 0, 0)	(uid=1000, suid=1000, euid=1000)
[1685887896] tracker: openat(/usr/share/vim/vim82/lang/en/LC_MESSAGES/vim.mo, 0, 0)	(uid=1000, suid=1000, euid=1000)
[1685887896] tracker: openat(/usr/share/locale-langpack/en_US/LC_MESSAGES/vim.mo, 0, 0)	(uid=1000, suid=1000, euid=1000)
[1685887896] tracker: openat(/usr/share/locale-langpack/en/LC_MESSAGES/vim.mo, 0, 0)	(uid=1000, suid=1000, euid=1000)
[1685887896] tracker: openat(/lib/terminfo/x/xterm-256color, 0, 0)	(uid=1000, suid=1000, euid=1000)
[1685887896] tracker: openat(., 0, 0)	(uid=1000, suid=1000, euid=1000)
[1685887896] tracker: chdir(/usr/share/vim)	(uid=1000, suid=1000, euid=1000)
[1685887896] tracker: openat(/usr/share/vim/vimrc, 0, 0)	(uid=1000, suid=1000, euid=1000)
[1685887896] tracker: openat(., 0, 0)	(uid=1000, suid=1000, euid=1000)
[1685887896] tracker: chdir(/usr/share/vim/vim82)	(uid=1000, suid=1000, euid=1000)
[1685887896] tracker: openat(/usr/share/vim/vim82/debian.vim, 0, 0)	(uid=1000, suid=1000, euid=1000)
[1685887896] tracker: openat(/etc/papersize, 4000, 0)	(uid=1000, suid=1000, euid=1000)
[1685887896] tracker: openat(/etc/papersize, 0, 0)	(uid=1000, suid=1000, euid=1000)
[1685887896] tracker: openat(., 0, 0)	(uid=1000, suid=1000, euid=1000)
[1685887896] tracker: chdir(/usr/share/vim/vim82/syntax)	(uid=1000, suid=1000, euid=1000)
[1685887896] tracker: openat(/usr/share/vim/vim82/syntax/syntax.vim, 0, 0)	(uid=1000, suid=1000, euid=1000)
[1685887896] tracker: openat(., 0, 0)	(uid=1000, suid=1000, euid=1000)
[1685887896] tracker: chdir(/usr/share/vim/vim82/syntax)	(uid=1000, suid=1000, euid=1000)
[1685887896] tracker: openat(/usr/share/vim/vim82/syntax/synload.vim, 0, 0)	(uid=1000, suid=1000, euid=1000)
[1685887896] tracker: openat(., 0, 0)	(uid=1000, suid=1000, euid=1000)
[1685887896] tracker: chdir(/usr/share/vim/vim82/syntax)	(uid=1000, suid=1000, euid=1000)
[1685887896] tracker: openat(/usr/share/vim/vim82/syntax/syncolor.vim, 0, 0)	(uid=1000, suid=1000, euid=1000)
[1685887896] tracker: openat(., 0, 0)	(uid=1000, suid=1000, euid=1000)
[1685887896] tracker: chdir(/usr/share/vim/vim82/colors/lists)	(uid=1000, suid=1000, euid=1000)
[1685887896] tracker: openat(/usr/share/vim/vim82/colors/lists/default.vim, 0, 0)	(uid=1000, suid=1000, euid=1000)
[1685887896] tracker: openat(., 0, 0)	(uid=1000, suid=1000, euid=1000)
[1685887896] tracker: chdir(/usr/share/vim/vim82)	(uid=1000, suid=1000, euid=1000)
[1685887896] tracker: openat(/usr/share/vim/vim82/filetype.vim, 0, 0)	(uid=1000, suid=1000, euid=1000)
[1685887896] tracker: openat(/home/purposelessness/.vim/ftdetect/, 2204000, 0)	(uid=1000, suid=1000, euid=1000)
[1685887896] tracker: openat(/var/lib/vim/addons/ftdetect/, 2204000, 0)	(uid=1000, suid=1000, euid=1000)
[1685887896] tracker: openat(/etc/vim/ftdetect/, 2204000, 0)	(uid=1000, suid=1000, euid=1000)
[1685887896] tracker: openat(/usr/share/vim/vimfiles/ftdetect/, 2204000, 0)	(uid=1000, suid=1000, euid=1000)
[1685887896] tracker: openat(/usr/share/vim/vim82/ftdetect/, 2204000, 0)	(uid=1000, suid=1000, euid=1000)
[1685887896] tracker: openat(/usr/share/vim/vimfiles/after/ftdetect/, 2204000, 0)	(uid=1000, suid=1000, euid=1000)
[1685887896] tracker: openat(/etc/vim/after/ftdetect/, 2204000, 0)	(uid=1000, suid=1000, euid=1000)
[1685887896] tracker: openat(/var/lib/vim/addons/after/ftdetect/, 2204000, 0)	(uid=1000, suid=1000, euid=1000)
[1685887896] tracker: openat(/home/purposelessness/.vim/after/ftdetect/, 2204000, 0)	(uid=1000, suid=1000, euid=1000)
[1685887896] tracker: openat(., 0, 0)	(uid=1000, suid=1000, euid=1000)
[1685887896] tracker: chdir(/usr/share/vim/vim82)	(uid=1000, suid=1000, euid=1000)
[1685887896] tracker: openat(/usr/share/vim/vim82/scripts.vim, 0, 0)	(uid=1000, suid=1000, euid=1000)
[1685887896] tracker: openat(/home/purposelessness/.vim/syntax/text/, 2204000, 0)	(uid=1000, suid=1000, euid=1000)
[1685887896] tracker: openat(/var/lib/vim/addons/syntax/text/, 2204000, 0)	(uid=1000, suid=1000, euid=1000)
[1685887896] tracker: openat(/etc/vim/syntax/text/, 2204000, 0)	(uid=1000, suid=1000, euid=1000)
[1685887896] tracker: openat(/usr/share/vim/vimfiles/syntax/text/, 2204000, 0)	(uid=1000, suid=1000, euid=1000)
[1685887896] tracker: openat(/usr/share/vim/vim82/syntax/text/, 2204000, 0)	(uid=1000, suid=1000, euid=1000)
[1685887896] tracker: openat(/usr/share/vim/vimfiles/after/syntax/text/, 2204000, 0)	(uid=1000, suid=1000, euid=1000)
[1685887896] tracker: openat(/etc/vim/after/syntax/text/, 2204000, 0)	(uid=1000, suid=1000, euid=1000)
[1685887896] tracker: openat(/var/lib/vim/addons/after/syntax/text/, 2204000, 0)	(uid=1000, suid=1000, euid=1000)
[1685887896] tracker: openat(/home/purposelessness/.vim/after/syntax/text/, 2204000, 0)	(uid=1000, suid=1000, euid=1000)
[1685887896] tracker: openat(., 0, 0)	(uid=1000, suid=1000, euid=1000)
[1685887896] tracker: chdir(/usr/share/vim/vim82/syntax)	(uid=1000, suid=1000, euid=1000)
[1685887896] tracker: openat(/usr/share/vim/vim82/syntax/syncolor.vim, 0, 0)	(uid=1000, suid=1000, euid=1000)
[1685887896] tracker: openat(., 0, 0)	(uid=1000, suid=1000, euid=1000)
[1685887896] tracker: chdir(/usr/share/vim/vim82)	(uid=1000, suid=1000, euid=1000)
[1685887896] tracker: openat(/usr/share/vim/vim82/filetype.vim, 0, 0)	(uid=1000, suid=1000, euid=1000)
[1685887896] tracker: openat(., 0, 0)	(uid=1000, suid=1000, euid=1000)
[1685887896] tracker: chdir(/usr/share/vim/vim82)	(uid=1000, suid=1000, euid=1000)
[1685887896] tracker: openat(/usr/share/vim/vim82/ftplugin.vim, 0, 0)	(uid=1000, suid=1000, euid=1000)
[1685887896] tracker: openat(., 0, 0)	(uid=1000, suid=1000, euid=1000)
[1685887896] tracker: chdir(/usr/share/vim/vim82)	(uid=1000, suid=1000, euid=1000)
[1685887896] tracker: openat(/usr/share/vim/vim82/indent.vim, 0, 0)	(uid=1000, suid=1000, euid=1000)
[1685887896] tracker: openat(., 0, 0)	(uid=1000, suid=1000, euid=1000)
[1685887896] tracker: chdir(/usr/share/vim/vim82/keymap)	(uid=1000, suid=1000, euid=1000)
[1685887896] tracker: openat(/usr/share/vim/vim82/keymap/russian-jcukenwin.vim, 0, 0)	(uid=1000, suid=1000, euid=1000)
[1685887896] tracker: openat(/etc/vim/vimrc.local, 4000, 0)	(uid=1000, suid=1000, euid=1000)
[1685887896] tracker: openat(., 0, 0)	(uid=1000, suid=1000, euid=1000)
[1685887896] tracker: chdir(/usr/share/vim/vim82/colors/lists)	(uid=1000, suid=1000, euid=1000)
[1685887896] tracker: openat(/usr/share/vim/vim82/colors/lists/default.vim, 0, 0)	(uid=1000, suid=1000, euid=1000)
[1685887896] tracker: openat(., 0, 0)	(uid=1000, suid=1000, euid=1000)
[1685887896] tracker: chdir(/usr/share/vim/vim82/colors)	(uid=1000, suid=1000, euid=1000)
[1685887896] tracker: openat(/usr/share/vim/vim82/colors/pablo.vim, 0, 0)	(uid=1000, suid=1000, euid=1000)
[1685887896] tracker: openat(., 0, 0)	(uid=1000, suid=1000, euid=1000)
[1685887896] tracker: chdir(/usr/share/vim/vim82/syntax)	(uid=1000, suid=1000, euid=1000)
[1685887896] tracker: openat(/usr/share/vim/vim82/syntax/syncolor.vim, 0, 0)	(uid=1000, suid=1000, euid=1000)
[1685887896] tracker: openat(., 0, 0)	(uid=1000, suid=1000, euid=1000)
[1685887896] tracker: chdir(/usr/share/vim/vim82/syntax)	(uid=1000, suid=1000, euid=1000)
[1685887896] tracker: openat(/usr/share/vim/vim82/syntax/syncolor.vim, 0, 0)	(uid=1000, suid=1000, euid=1000)
[1685887896] tracker: openat(., 0, 0)	(uid=1000, suid=1000, euid=1000)
[1685887896] tracker: chdir(/usr/share/vim/vim82/syntax)	(uid=1000, suid=1000, euid=1000)
[1685887896] tracker: openat(/usr/share/vim/vim82/syntax/syncolor.vim, 0, 0)	(uid=1000, suid=1000, euid=1000)
[1685887896] tracker: openat(., 0, 0)	(uid=1000, suid=1000, euid=1000)
[1685887896] tracker: chdir(/home/purposelessness)	(uid=1000, suid=1000, euid=1000)
[1685887896] tracker: openat(/home/purposelessness/.vimrc, 0, 0)	(uid=1000, suid=1000, euid=1000)
[1685887896] tracker: openat(/home/purposelessness/_vimrc, 0, 0)	(uid=1000, suid=1000, euid=1000)
[1685887896] tracker: openat(., 0, 0)	(uid=1000, suid=1000, euid=1000)
[1685887896] tracker: chdir(/home/purposelessness/.vim)	(uid=1000, suid=1000, euid=1000)
[1685887896] tracker: openat(/home/purposelessness/.vim/vimrc, 0, 0)	(uid=1000, suid=1000, euid=1000)
[1685887896] tracker: openat(., 0, 0)	(uid=1000, suid=1000, euid=1000)
[1685887896] tracker: chdir(/home/purposelessness)	(uid=1000, suid=1000, euid=1000)
[1685887896] tracker: openat(/home/purposelessness/.exrc, 0, 0)	(uid=1000, suid=1000, euid=1000)
[1685887896] tracker: openat(., 0, 0)	(uid=1000, suid=1000, euid=1000)
[1685887896] tracker: chdir(/usr/share/vim/vim82)	(uid=1000, suid=1000, euid=1000)
[1685887896] tracker: openat(/usr/share/vim/vim82/defaults.vim, 0, 0)	(uid=1000, suid=1000, euid=1000)
[1685887896] tracker: openat(., 0, 0)	(uid=1000, suid=1000, euid=1000)
[1685887896] tracker: chdir(/usr/share/vim/vim82)	(uid=1000, suid=1000, euid=1000)
[1685887896] tracker: openat(/usr/share/vim/vim82/filetype.vim, 0, 0)	(uid=1000, suid=1000, euid=1000)
[1685887896] tracker: openat(., 0, 0)	(uid=1000, suid=1000, euid=1000)
[1685887896] tracker: chdir(/usr/share/vim/vim82)	(uid=1000, suid=1000, euid=1000)
[1685887896] tracker: openat(/usr/share/vim/vim82/ftplugin.vim, 0, 0)	(uid=1000, suid=1000, euid=1000)
[1685887896] tracker: openat(., 0, 0)	(uid=1000, suid=1000, euid=1000)
[1685887896] tracker: chdir(/usr/share/vim/vim82)	(uid=1000, suid=1000, euid=1000)
[1685887896] tracker: openat(/usr/share/vim/vim82/indent.vim, 0, 0)	(uid=1000, suid=1000, euid=1000)
[1685887896] tracker: openat(., 0, 0)	(uid=1000, suid=1000, euid=1000)
[1685887896] tracker: chdir(/usr/share/vim/vim82/syntax)	(uid=1000, suid=1000, euid=1000)
[1685887896] tracker: openat(/usr/share/vim/vim82/syntax/syntax.vim, 0, 0)	(uid=1000, suid=1000, euid=1000)
[1685887896] tracker: openat(., 0, 0)	(uid=1000, suid=1000, euid=1000)
[1685887896] tracker: chdir(/usr/share/vim/vim82/syntax)	(uid=1000, suid=1000, euid=1000)
[1685887896] tracker: openat(/usr/share/vim/vim82/syntax/nosyntax.vim, 0, 0)	(uid=1000, suid=1000, euid=1000)
[1685887896] tracker: openat(., 0, 0)	(uid=1000, suid=1000, euid=1000)
[1685887896] tracker: chdir(/usr/share/vim/vim82/syntax)	(uid=1000, suid=1000, euid=1000)
[1685887896] tracker: openat(/usr/share/vim/vim82/syntax/synload.vim, 0, 0)	(uid=1000, suid=1000, euid=1000)
[1685887896] tracker: openat(., 0, 0)	(uid=1000, suid=1000, euid=1000)
[1685887896] tracker: chdir(/usr/share/vim/vim82/colors/lists)	(uid=1000, suid=1000, euid=1000)
[1685887896] tracker: openat(/usr/share/vim/vim82/colors/lists/default.vim, 0, 0)	(uid=1000, suid=1000, euid=1000)
[1685887896] tracker: openat(., 0, 0)	(uid=1000, suid=1000, euid=1000)
[1685887896] tracker: chdir(/usr/share/vim/vim82/colors)	(uid=1000, suid=1000, euid=1000)
[1685887896] tracker: openat(/usr/share/vim/vim82/colors/pablo.vim, 0, 0)	(uid=1000, suid=1000, euid=1000)
[1685887896] tracker: openat(., 0, 0)	(uid=1000, suid=1000, euid=1000)
[1685887896] tracker: chdir(/usr/share/vim/vim82/syntax)	(uid=1000, suid=1000, euid=1000)
[1685887896] tracker: openat(/usr/share/vim/vim82/syntax/syncolor.vim, 0, 0)	(uid=1000, suid=1000, euid=1000)
[1685887896] tracker: openat(., 0, 0)	(uid=1000, suid=1000, euid=1000)
[1685887896] tracker: chdir(/usr/share/vim/vim82/syntax)	(uid=1000, suid=1000, euid=1000)
[1685887896] tracker: openat(/usr/share/vim/vim82/syntax/syncolor.vim, 0, 0)	(uid=1000, suid=1000, euid=1000)
[1685887896] tracker: openat(., 0, 0)	(uid=1000, suid=1000, euid=1000)
[1685887896] tracker: chdir(/usr/share/vim/vim82/syntax)	(uid=1000, suid=1000, euid=1000)
[1685887896] tracker: openat(/usr/share/vim/vim82/syntax/syncolor.vim, 0, 0)	(uid=1000, suid=1000, euid=1000)
[1685887896] tracker: openat(/home/purposelessness/.vim/syntax/text/, 2204000, 0)	(uid=1000, suid=1000, euid=1000)
[1685887896] tracker: openat(/var/lib/vim/addons/syntax/text/, 2204000, 0)	(uid=1000, suid=1000, euid=1000)
[1685887896] tracker: openat(/etc/vim/syntax/text/, 2204000, 0)	(uid=1000, suid=1000, euid=1000)
[1685887896] tracker: openat(/usr/share/vim/vimfiles/syntax/text/, 2204000, 0)	(uid=1000, suid=1000, euid=1000)
[1685887896] tracker: openat(/usr/share/vim/vim82/syntax/text/, 2204000, 0)	(uid=1000, suid=1000, euid=1000)
[1685887896] tracker: openat(/usr/share/vim/vimfiles/after/syntax/text/, 2204000, 0)	(uid=1000, suid=1000, euid=1000)
[1685887896] tracker: openat(/etc/vim/after/syntax/text/, 2204000, 0)	(uid=1000, suid=1000, euid=1000)
[1685887896] tracker: openat(/var/lib/vim/addons/after/syntax/text/, 2204000, 0)	(uid=1000, suid=1000, euid=1000)
[1685887896] tracker: openat(/home/purposelessness/.vim/after/syntax/text/, 2204000, 0)	(uid=1000, suid=1000, euid=1000)
[1685887896] tracker: openat(/home/purposelessness/.vim/pack/, 2204000, 0)	(uid=1000, suid=1000, euid=1000)
[1685887896] tracker: openat(/var/lib/vim/addons/pack/, 2204000, 0)	(uid=1000, suid=1000, euid=1000)
[1685887896] tracker: openat(/etc/vim/pack/, 2204000, 0)	(uid=1000, suid=1000, euid=1000)
[1685887896] tracker: openat(/usr/share/vim/vimfiles/pack/, 2204000, 0)	(uid=1000, suid=1000, euid=1000)
[1685887896] tracker: openat(/usr/share/vim/vim82/pack/, 2204000, 0)	(uid=1000, suid=1000, euid=1000)
[1685887896] tracker: openat(/usr/share/vim/vim82/pack/dist/start/, 2204000, 0)	(uid=1000, suid=1000, euid=1000)
[1685887896] tracker: openat(/usr/share/vim/vimfiles/after/pack/, 2204000, 0)	(uid=1000, suid=1000, euid=1000)
[1685887896] tracker: openat(/etc/vim/after/pack/, 2204000, 0)	(uid=1000, suid=1000, euid=1000)
[1685887896] tracker: openat(/var/lib/vim/addons/after/pack/, 2204000, 0)	(uid=1000, suid=1000, euid=1000)
[1685887896] tracker: openat(/home/purposelessness/.vim/after/pack/, 2204000, 0)	(uid=1000, suid=1000, euid=1000)
[1685887896] tracker: openat(/home/purposelessness/.vim/plugin/, 2204000, 0)	(uid=1000, suid=1000, euid=1000)
[1685887896] tracker: openat(/home/purposelessness/.vim/plugin/, 2204000, 0)	(uid=1000, suid=1000, euid=1000)
[1685887896] tracker: openat(/var/lib/vim/addons/plugin/, 2204000, 0)	(uid=1000, suid=1000, euid=1000)
[1685887896] tracker: openat(/var/lib/vim/addons/plugin/, 2204000, 0)	(uid=1000, suid=1000, euid=1000)
[1685887896] tracker: openat(/etc/vim/plugin/, 2204000, 0)	(uid=1000, suid=1000, euid=1000)
[1685887896] tracker: openat(/etc/vim/plugin/, 2204000, 0)	(uid=1000, suid=1000, euid=1000)
[1685887896] tracker: openat(/usr/share/vim/vimfiles/plugin/, 2204000, 0)	(uid=1000, suid=1000, euid=1000)
[1685887896] tracker: openat(/usr/share/vim/vimfiles/plugin/, 2204000, 0)	(uid=1000, suid=1000, euid=1000)
[1685887896] tracker: openat(/usr/share/vim/vim82/plugin/, 2204000, 0)	(uid=1000, suid=1000, euid=1000)
[1685887896] tracker: openat(/usr/share/vim/vim82/plugin/, 2204000, 0)	(uid=1000, suid=1000, euid=1000)
[1685887896] tracker: openat(/usr/share/vim/vim82/plugin/getscriptPlugin.vim/, 2204000, 0)	(uid=1000, suid=1000, euid=1000)
[1685887896] tracker: openat(/usr/share/vim/vim82/plugin/getscriptPlugin.vim/, 2204000, 0)	(uid=1000, suid=1000, euid=1000)
[1685887896] tracker: openat(/usr/share/vim/vim82/plugin/netrwPlugin.vim/, 2204000, 0)	(uid=1000, suid=1000, euid=1000)
[1685887896] tracker: openat(/usr/share/vim/vim82/plugin/netrwPlugin.vim/, 2204000, 0)	(uid=1000, suid=1000, euid=1000)
[1685887896] tracker: openat(/usr/share/vim/vim82/plugin/vimballPlugin.vim/, 2204000, 0)	(uid=1000, suid=1000, euid=1000)
[1685887896] tracker: openat(/usr/share/vim/vim82/plugin/vimballPlugin.vim/, 2204000, 0)	(uid=1000, suid=1000, euid=1000)
[1685887896] tracker: openat(/usr/share/vim/vim82/plugin/manpager.vim/, 2204000, 0)	(uid=1000, suid=1000, euid=1000)
[1685887896] tracker: openat(/usr/share/vim/vim82/plugin/manpager.vim/, 2204000, 0)	(uid=1000, suid=1000, euid=1000)
[1685887896] tracker: openat(/usr/share/vim/vim82/plugin/spellfile.vim/, 2204000, 0)	(uid=1000, suid=1000, euid=1000)
[1685887896] tracker: openat(/usr/share/vim/vim82/plugin/spellfile.vim/, 2204000, 0)	(uid=1000, suid=1000, euid=1000)
[1685887896] tracker: openat(/usr/share/vim/vim82/plugin/gzip.vim/, 2204000, 0)	(uid=1000, suid=1000, euid=1000)
[1685887896] tracker: openat(/usr/share/vim/vim82/plugin/gzip.vim/, 2204000, 0)	(uid=1000, suid=1000, euid=1000)
[1685887896] tracker: openat(/usr/share/vim/vim82/plugin/matchparen.vim/, 2204000, 0)	(uid=1000, suid=1000, euid=1000)
[1685887896] tracker: openat(/usr/share/vim/vim82/plugin/matchparen.vim/, 2204000, 0)	(uid=1000, suid=1000, euid=1000)
[1685887896] tracker: openat(/usr/share/vim/vim82/plugin/tohtml.vim/, 2204000, 0)	(uid=1000, suid=1000, euid=1000)
[1685887896] tracker: openat(/usr/share/vim/vim82/plugin/tohtml.vim/, 2204000, 0)	(uid=1000, suid=1000, euid=1000)
[1685887896] tracker: openat(/usr/share/vim/vim82/plugin/zipPlugin.vim/, 2204000, 0)	(uid=1000, suid=1000, euid=1000)
[1685887896] tracker: openat(/usr/share/vim/vim82/plugin/zipPlugin.vim/, 2204000, 0)	(uid=1000, suid=1000, euid=1000)
[1685887896] tracker: openat(/usr/share/vim/vim82/plugin/tarPlugin.vim/, 2204000, 0)	(uid=1000, suid=1000, euid=1000)
[1685887896] tracker: openat(/usr/share/vim/vim82/plugin/tarPlugin.vim/, 2204000, 0)	(uid=1000, suid=1000, euid=1000)
[1685887896] tracker: openat(/usr/share/vim/vim82/plugin/rrhelper.vim/, 2204000, 0)	(uid=1000, suid=1000, euid=1000)
[1685887896] tracker: openat(/usr/share/vim/vim82/plugin/rrhelper.vim/, 2204000, 0)	(uid=1000, suid=1000, euid=1000)
[1685887896] tracker: openat(/usr/share/vim/vim82/plugin/logiPat.vim/, 2204000, 0)	(uid=1000, suid=1000, euid=1000)
[1685887896] tracker: openat(/usr/share/vim/vim82/plugin/logiPat.vim/, 2204000, 0)	(uid=1000, suid=1000, euid=1000)
[1685887896] tracker: openat(., 0, 0)	(uid=1000, suid=1000, euid=1000)
[1685887896] tracker: chdir(/usr/share/vim/vim82/plugin)	(uid=1000, suid=1000, euid=1000)
[1685887896] tracker: openat(/usr/share/vim/vim82/plugin/getscriptPlugin.vim, 0, 0)	(uid=1000, suid=1000, euid=1000)
[1685887896] tracker: openat(., 0, 0)	(uid=1000, suid=1000, euid=1000)
[1685887896] tracker: chdir(/usr/share/vim/vim82/plugin)	(uid=1000, suid=1000, euid=1000)
[1685887896] tracker: openat(/usr/share/vim/vim82/plugin/gzip.vim, 0, 0)	(uid=1000, suid=1000, euid=1000)
[1685887896] tracker: openat(., 0, 0)	(uid=1000, suid=1000, euid=1000)
[1685887896] tracker: chdir(/usr/share/vim/vim82/plugin)	(uid=1000, suid=1000, euid=1000)
[1685887896] tracker: openat(/usr/share/vim/vim82/plugin/logiPat.vim, 0, 0)	(uid=1000, suid=1000, euid=1000)
[1685887896] tracker: openat(., 0, 0)	(uid=1000, suid=1000, euid=1000)
[1685887896] tracker: chdir(/usr/share/vim/vim82/plugin)	(uid=1000, suid=1000, euid=1000)
[1685887896] tracker: openat(/usr/share/vim/vim82/plugin/manpager.vim, 0, 0)	(uid=1000, suid=1000, euid=1000)
[1685887896] tracker: openat(., 0, 0)	(uid=1000, suid=1000, euid=1000)
[1685887896] tracker: chdir(/usr/share/vim/vim82/plugin)	(uid=1000, suid=1000, euid=1000)
[1685887896] tracker: openat(/usr/share/vim/vim82/plugin/matchparen.vim, 0, 0)	(uid=1000, suid=1000, euid=1000)
[1685887896] tracker: openat(., 0, 0)	(uid=1000, suid=1000, euid=1000)
[1685887896] tracker: chdir(/usr/share/vim/vim82/plugin)	(uid=1000, suid=1000, euid=1000)
[1685887896] tracker: openat(/usr/share/vim/vim82/plugin/netrwPlugin.vim, 0, 0)	(uid=1000, suid=1000, euid=1000)
[1685887896] tracker: openat(., 0, 0)	(uid=1000, suid=1000, euid=1000)
[1685887896] tracker: chdir(/usr/share/vim/vim82/plugin)	(uid=1000, suid=1000, euid=1000)
[1685887896] tracker: openat(/usr/share/vim/vim82/plugin/rrhelper.vim, 0, 0)	(uid=1000, suid=1000, euid=1000)
[1685887896] tracker: openat(., 0, 0)	(uid=1000, suid=1000, euid=1000)
[1685887896] tracker: chdir(/usr/share/vim/vim82/plugin)	(uid=1000, suid=1000, euid=1000)
[1685887896] tracker: openat(/usr/share/vim/vim82/plugin/spellfile.vim, 0, 0)	(uid=1000, suid=1000, euid=1000)
[1685887896] tracker: openat(., 0, 0)	(uid=1000, suid=1000, euid=1000)
[1685887896] tracker: chdir(/usr/share/vim/vim82/plugin)	(uid=1000, suid=1000, euid=1000)
[1685887896] tracker: openat(/usr/share/vim/vim82/plugin/tarPlugin.vim, 0, 0)	(uid=1000, suid=1000, euid=1000)
[1685887896] tracker: openat(., 0, 0)	(uid=1000, suid=1000, euid=1000)
[1685887896] tracker: chdir(/usr/share/vim/vim82/plugin)	(uid=1000, suid=1000, euid=1000)
[1685887896] tracker: openat(/usr/share/vim/vim82/plugin/tohtml.vim, 0, 0)	(uid=1000, suid=1000, euid=1000)
[1685887896] tracker: openat(., 0, 0)	(uid=1000, suid=1000, euid=1000)
[1685887896] tracker: chdir(/usr/share/vim/vim82/plugin)	(uid=1000, suid=1000, euid=1000)
[1685887896] tracker: openat(/usr/share/vim/vim82/plugin/vimballPlugin.vim, 0, 0)	(uid=1000, suid=1000, euid=1000)
[1685887896] tracker: openat(., 0, 0)	(uid=1000, suid=1000, euid=1000)
[1685887896] tracker: chdir(/usr/share/vim/vim82/plugin)	(uid=1000, suid=1000, euid=1000)
[1685887896] tracker: openat(/usr/share/vim/vim82/plugin/zipPlugin.vim, 0, 0)	(uid=1000, suid=1000, euid=1000)
[1685887896] tracker: openat(/home/purposelessness/.vim/pack/, 2204000, 0)	(uid=1000, suid=1000, euid=1000)
[1685887896] tracker: openat(/var/lib/vim/addons/pack/, 2204000, 0)	(uid=1000, suid=1000, euid=1000)
[1685887896] tracker: openat(/etc/vim/pack/, 2204000, 0)	(uid=1000, suid=1000, euid=1000)
[1685887896] tracker: openat(/usr/share/vim/vimfiles/pack/, 2204000, 0)	(uid=1000, suid=1000, euid=1000)
[1685887896] tracker: openat(/usr/share/vim/vim82/pack/, 2204000, 0)	(uid=1000, suid=1000, euid=1000)
[1685887896] tracker: openat(/usr/share/vim/vim82/pack/dist/start/, 2204000, 0)	(uid=1000, suid=1000, euid=1000)
[1685887896] tracker: openat(/usr/share/vim/vimfiles/after/pack/, 2204000, 0)	(uid=1000, suid=1000, euid=1000)
[1685887896] tracker: openat(/etc/vim/after/pack/, 2204000, 0)	(uid=1000, suid=1000, euid=1000)
[1685887896] tracker: openat(/var/lib/vim/addons/after/pack/, 2204000, 0)	(uid=1000, suid=1000, euid=1000)
[1685887896] tracker: openat(/home/purposelessness/.vim/after/pack/, 2204000, 0)	(uid=1000, suid=1000, euid=1000)
[1685887896] tracker: openat(/usr/share/vim/vimfiles/after/plugin/, 2204000, 0)	(uid=1000, suid=1000, euid=1000)
[1685887896] tracker: openat(/usr/share/vim/vimfiles/after/plugin/, 2204000, 0)	(uid=1000, suid=1000, euid=1000)
[1685887896] tracker: openat(/etc/vim/after/plugin/, 2204000, 0)	(uid=1000, suid=1000, euid=1000)
[1685887896] tracker: openat(/etc/vim/after/plugin/, 2204000, 0)	(uid=1000, suid=1000, euid=1000)
[1685887896] tracker: openat(/var/lib/vim/addons/after/plugin/, 2204000, 0)	(uid=1000, suid=1000, euid=1000)
[1685887896] tracker: openat(/var/lib/vim/addons/after/plugin/, 2204000, 0)	(uid=1000, suid=1000, euid=1000)
[1685887896] tracker: openat(/home/purposelessness/.vim/after/plugin/, 2204000, 0)	(uid=1000, suid=1000, euid=1000)
[1685887896] tracker: openat(/home/purposelessness/.vim/after/plugin/, 2204000, 0)	(uid=1000, suid=1000, euid=1000)
[1685887896] tracker: openat(/home/purposelessness/.viminfo, 0, 0)	(uid=1000, suid=1000, euid=1000)
[1685887896] tracker: openat(/etc/nsswitch.conf, 2000000, 0)	(uid=1000, suid=1000, euid=1000)
[1685887896] tracker: openat(/etc/passwd, 2000000, 0)	(uid=1000, suid=1000, euid=1000)
[1685887896] tracker: openat(test.txt, 0, 0)	(uid=1000, suid=1000, euid=1000)
[1685887896] tracker: openat(.test.txt.swp, 0, 0)	(uid=1000, suid=1000, euid=1000)
[1685887896] tracker: openat(.test.txt.swp, 302, 600)	(uid=1000, suid=1000, euid=1000)
[1685887896] tracker: openat(.test.txt.swx, 0, 0)	(uid=1000, suid=1000, euid=1000)
[1685887896] tracker: openat(.test.txt.swx, 302, 600)	(uid=1000, suid=1000, euid=1000)
[1685887896] tracker: openat(.test.txt.swp, 400302, 600)	(uid=1000, suid=1000, euid=1000)
[1685887896] tracker: openat(test.txt, 0, 0)	(uid=1000, suid=1000, euid=1000)
[1685887896] tracker: openat(/home/purposelessness/.viminfo, 0, 0)	(uid=1000, suid=1000, euid=1000)
[1685887896] tracker: openat(., 0, 0)	(uid=1000, suid=1000, euid=1000)
[1685887896] tracker: chdir(/usr/share/vim/vim82)	(uid=1000, suid=1000, euid=1000)
[1685887896] tracker: openat(/usr/share/vim/vim82/scripts.vim, 0, 0)	(uid=1000, suid=1000, euid=1000)
[1685887896] tracker: openat(/home/purposelessness/.vim/ftplugin/, 2204000, 0)	(uid=1000, suid=1000, euid=1000)
[1685887896] tracker: openat(/home/purposelessness/.vim/ftplugin/text/, 2204000, 0)	(uid=1000, suid=1000, euid=1000)
[1685887896] tracker: openat(/var/lib/vim/addons/ftplugin/, 2204000, 0)	(uid=1000, suid=1000, euid=1000)
[1685887896] tracker: openat(/var/lib/vim/addons/ftplugin/text/, 2204000, 0)	(uid=1000, suid=1000, euid=1000)
[1685887896] tracker: openat(/etc/vim/ftplugin/, 2204000, 0)	(uid=1000, suid=1000, euid=1000)
[1685887896] tracker: openat(/etc/vim/ftplugin/text/, 2204000, 0)	(uid=1000, suid=1000, euid=1000)
[1685887896] tracker: openat(/usr/share/vim/vimfiles/ftplugin/, 2204000, 0)	(uid=1000, suid=1000, euid=1000)
[1685887896] tracker: openat(/usr/share/vim/vimfiles/ftplugin/text/, 2204000, 0)	(uid=1000, suid=1000, euid=1000)
[1685887896] tracker: openat(., 0, 0)	(uid=1000, suid=1000, euid=1000)
[1685887896] tracker: chdir(/usr/share/vim/vim82/ftplugin)	(uid=1000, suid=1000, euid=1000)
[1685887896] tracker: openat(/usr/share/vim/vim82/ftplugin/text.vim, 0, 0)	(uid=1000, suid=1000, euid=1000)
[1685887896] tracker: openat(/usr/share/vim/vim82/ftplugin/, 2204000, 0)	(uid=1000, suid=1000, euid=1000)
[1685887896] tracker: openat(/usr/share/vim/vim82/ftplugin/text/, 2204000, 0)	(uid=1000, suid=1000, euid=1000)
[1685887896] tracker: openat(/usr/share/vim/vimfiles/after/ftplugin/, 2204000, 0)	(uid=1000, suid=1000, euid=1000)
[1685887896] tracker: openat(/usr/share/vim/vimfiles/after/ftplugin/text/, 2204000, 0)	(uid=1000, suid=1000, euid=1000)
[1685887896] tracker: openat(/etc/vim/after/ftplugin/, 2204000, 0)	(uid=1000, suid=1000, euid=1000)
[1685887896] tracker: openat(/etc/vim/after/ftplugin/text/, 2204000, 0)	(uid=1000, suid=1000, euid=1000)
[1685887896] tracker: openat(/var/lib/vim/addons/after/ftplugin/, 2204000, 0)	(uid=1000, suid=1000, euid=1000)
[1685887896] tracker: openat(/var/lib/vim/addons/after/ftplugin/text/, 2204000, 0)	(uid=1000, suid=1000, euid=1000)
[1685887896] tracker: openat(/home/purposelessness/.vim/after/ftplugin/, 2204000, 0)	(uid=1000, suid=1000, euid=1000)
[1685887896] tracker: openat(/home/purposelessness/.vim/after/ftplugin/text/, 2204000, 0)	(uid=1000, suid=1000, euid=1000)
[1685887896] tracker: openat(/home/purposelessness/.vim/syntax/text/, 2204000, 0)	(uid=1000, suid=1000, euid=1000)
[1685887896] tracker: openat(/var/lib/vim/addons/syntax/text/, 2204000, 0)	(uid=1000, suid=1000, euid=1000)
[1685887896] tracker: openat(/etc/vim/syntax/text/, 2204000, 0)	(uid=1000, suid=1000, euid=1000)
[1685887896] tracker: openat(/usr/share/vim/vimfiles/syntax/text/, 2204000, 0)	(uid=1000, suid=1000, euid=1000)
[1685887896] tracker: openat(/usr/share/vim/vim82/syntax/text/, 2204000, 0)	(uid=1000, suid=1000, euid=1000)
[1685887896] tracker: openat(/usr/share/vim/vimfiles/after/syntax/text/, 2204000, 0)	(uid=1000, suid=1000, euid=1000)
[1685887896] tracker: openat(/etc/vim/after/syntax/text/, 2204000, 0)	(uid=1000, suid=1000, euid=1000)
[1685887896] tracker: openat(/var/lib/vim/addons/after/syntax/text/, 2204000, 0)	(uid=1000, suid=1000, euid=1000)
[1685887896] tracker: openat(/home/purposelessness/.vim/after/syntax/text/, 2204000, 0)	(uid=1000, suid=1000, euid=1000)
[1685887896] tracker: chdir(/home/purposelessness/malware)	(uid=1000, suid=1000, euid=1000)
[1685887897] tracker: openat(/run/user/1000/.mutter-Xwaylandauth.457051, 0, 0)	(uid=1000, suid=1000, euid=1000)
[1685887897] tracker: openat(/proc/1971/cmdline, 0, 0)	(uid=1000, suid=1000, euid=1000)
[1685887897] tracker: openat(/home/purposelessness/.viminfo, 0, 0)	(uid=1000, suid=1000, euid=1000)
[1685887897] tracker: openat(/home/purposelessness/.viminfo.tmp, 400301, 600)	(uid=1000, suid=1000, euid=1000)
[1685887897] tracker: openat(/home/purposelessness/.bash_history, 2001, 0)	(uid=1000, suid=1000, euid=1000)
[1685887897] tracker: openat(/home/purposelessness/.bash_history, 0, 0)	(uid=1000, suid=1000, euid=1000)
[1685887898] tracker: openat(/run/user/1000/.mutter-Xwaylandauth.457051, 0, 0)	(uid=1000, suid=1000, euid=1000)
[1685887898] tracker: openat(/proc/1971/cmdline, 0, 0)	(uid=1000, suid=1000, euid=1000)
[1685887899] tracker: openat(/run/user/1000/.mutter-Xwaylandauth.457051, 0, 0)	(uid=1000, suid=1000, euid=1000)
[1685887899] tracker: openat(/proc/1971/cmdline, 0, 0)	(uid=1000, suid=1000, euid=1000)
[1685887900] tracker: openat(/run/user/1000/.mutter-Xwaylandauth.457051, 0, 0)	(uid=1000, suid=1000, euid=1000)
[1685887900] tracker: openat(/proc/1971/cmdline, 0, 0)	(uid=1000, suid=1000, euid=1000)
[1685887900] tracker: openat(/dev/null, 1101, 666)	(uid=1000, suid=1000, euid=1000)
[1685887900] tracker: openat(/dev/null, 1101, 666)	(uid=1000, suid=1000, euid=1000)
[1685887900] tracker: openat(/dev/null, 1101, 666)	(uid=1000, suid=1000, euid=1000)
[1685887900] tracker: openat(/usr/local/sbin/, 2204000, 0)	(uid=1000, suid=1000, euid=1000)
[1685887900] tracker: openat(/usr/local/bin/, 2204000, 0)	(uid=1000, suid=1000, euid=1000)
[1685887900] tracker: openat(/usr/sbin/, 2204000, 0)	(uid=1000, suid=1000, euid=1000)
[1685887900] tracker: openat(/usr/bin/, 2204000, 0)	(uid=1000, suid=1000, euid=1000)
[1685887900] tracker: openat(/sbin/, 2204000, 0)	(uid=1000, suid=1000, euid=1000)
[1685887900] tracker: openat(/bin/, 2204000, 0)	(uid=1000, suid=1000, euid=1000)
[1685887900] tracker: openat(/usr/games/, 2204000, 0)	(uid=1000, suid=1000, euid=1000)
[1685887900] tracker: openat(/usr/local/games/, 2204000, 0)	(uid=1000, suid=1000, euid=1000)
[1685887900] tracker: openat(/snap/bin/, 2204000, 0)	(uid=1000, suid=1000, euid=1000)
[1685887900] tracker: openat(/snap/bin/, 2204000, 0)	(uid=1000, suid=1000, euid=1000)
[1685887900] tracker: openat(/sbin/, 2204000, 0)	(uid=1000, suid=1000, euid=1000)
[1685887900] tracker: openat(/usr/sbin/, 2204000, 0)	(uid=1000, suid=1000, euid=1000)
[1685887900] tracker: openat(/usr/local/sbin/, 2204000, 0)	(uid=1000, suid=1000, euid=1000)
[1685887900] tracker: openat(., 2204000, 0)	(uid=1000, suid=1000, euid=1000)
[1685887901] tracker: openat(/dev/null, 1101, 666)	(uid=1000, suid=1000, euid=1000)
[1685887901] tracker: openat(/dev/null, 1101, 666)	(uid=1000, suid=1000, euid=1000)
[1685887901] tracker: openat(/dev/null, 1101, 666)	(uid=1000, suid=1000, euid=1000)
[1685887901] tracker: openat(/dev/null, 1101, 666)	(uid=1000, suid=1000, euid=1000)
[1685887901] tracker: openat(/dev/null, 1101, 666)	(uid=1000, suid=1000, euid=1000)
[1685887901] tracker: openat(/dev/null, 1101, 666)	(uid=1000, suid=1000, euid=1000)
[1685887901] tracker: execve(/usr/sbin/lsmod, {lsmod})	(uid=1000, suid=1000, euid=1000)
[1685887901] tracker: execve(/usr/bin/awk, {awk, {if (NR != 1) print $1}})	(uid=1000, suid=1000, euid=1000)
[1685887901] tracker: openat(/etc/ld.so.cache, 2000000, 0)	(uid=1000, suid=1000, euid=1000)
[1685887901] tracker: openat(/etc/ld.so.cache, 2000000, 0)	(uid=1000, suid=1000, euid=1000)
[1685887901] tracker: openat(/lib/x86_64-linux-gnu/libzstd.so.1, 2000000, 0)	(uid=1000, suid=1000, euid=1000)
[1685887901] tracker: openat(/lib/x86_64-linux-gnu/libm.so.6, 2000000, 0)	(uid=1000, suid=1000, euid=1000)
[1685887901] tracker: openat(/lib/x86_64-linux-gnu/libc.so.6, 2000000, 0)	(uid=1000, suid=1000, euid=1000)
[1685887901] tracker: openat(/lib/x86_64-linux-gnu/liblzma.so.5, 2000000, 0)	(uid=1000, suid=1000, euid=1000)
[1685887901] tracker: openat(/lib/x86_64-linux-gnu/libcrypto.so.3, 2000000, 0)	(uid=1000, suid=1000, euid=1000)
[1685887901] tracker: openat(/lib/x86_64-linux-gnu/libc.so.6, 2000000, 0)	(uid=1000, suid=1000, euid=1000)
[1685887901] tracker: openat(/usr/lib/locale/locale-archive, 2000000, 0)	(uid=1000, suid=1000, euid=1000)
[1685887901] tracker: openat(/lib/modules/5.19.0-43-generic/modules.softdep, 2000000, 0)	(uid=1000, suid=1000, euid=1000)
[1685887901] tracker: openat(/proc/cmdline, 2000000, 0)	(uid=1000, suid=1000, euid=1000)
[1685887901] tracker: openat(/proc/modules, 2000000, 0)	(uid=1000, suid=1000, euid=1000)
[1685887901] tracker: openat(/sys/module/tracker/refcnt, 2000000, 0)	(uid=1000, suid=1000, euid=1000)
[1685887901] tracker: openat(/sys/module/tracker, 2000000, 0)	(uid=1000, suid=1000, euid=1000)
[1685887901] tracker: openat(coresize, 2000000, 0)	(uid=1000, suid=1000, euid=1000)
[1685887901] tracker: openat(/sys/module/tracker/holders, 2204000, 0)	(uid=1000, suid=1000, euid=1000)
[1685887901] tracker: openat(/sys/module/isofs/refcnt, 2000000, 0)	(uid=1000, suid=1000, euid=1000)
[1685887901] tracker: openat(/sys/module/isofs, 2000000, 0)	(uid=1000, suid=1000, euid=1000)
[1685887901] tracker: openat(coresize, 2000000, 0)	(uid=1000, suid=1000, euid=1000)
[1685887901] tracker: openat(/sys/module/isofs/holders, 2204000, 0)	(uid=1000, suid=1000, euid=1000)
[1685887901] tracker: openat(/sys/module/vboxsf/refcnt, 2000000, 0)	(uid=1000, suid=1000, euid=1000)
[1685887901] tracker: openat(/sys/module/vboxsf, 2000000, 0)	(uid=1000, suid=1000, euid=1000)
[1685887901] tracker: openat(coresize, 2000000, 0)	(uid=1000, suid=1000, euid=1000)
[1685887901] tracker: openat(/sys/module/vboxsf/holders, 2204000, 0)	(uid=1000, suid=1000, euid=1000)
[1685887901] tracker: openat(/sys/module/binfmt_misc/refcnt, 2000000, 0)	(uid=1000, suid=1000, euid=1000)
[1685887901] tracker: openat(/sys/module/binfmt_misc, 2000000, 0)	(uid=1000, suid=1000, euid=1000)
[1685887901] tracker: openat(coresize, 2000000, 0)	(uid=1000, suid=1000, euid=1000)
[1685887901] tracker: openat(/sys/module/binfmt_misc/holders, 2204000, 0)	(uid=1000, suid=1000, euid=1000)
[1685887901] tracker: openat(/sys/module/nls_iso8859_1/refcnt, 2000000, 0)	(uid=1000, suid=1000, euid=1000)
[1685887901] tracker: openat(/sys/module/nls_iso8859_1, 2000000, 0)	(uid=1000, suid=1000, euid=1000)
[1685887901] tracker: openat(coresize, 2000000, 0)	(uid=1000, suid=1000, euid=1000)
[1685887901] tracker: openat(/sys/module/nls_iso8859_1/holders, 2204000, 0)	(uid=1000, suid=1000, euid=1000)
[1685887901] tracker: openat(/sys/module/snd_intel8x0/refcnt, 2000000, 0)	(uid=1000, suid=1000, euid=1000)
[1685887901] tracker: openat(/sys/module/snd_intel8x0, 2000000, 0)	(uid=1000, suid=1000, euid=1000)
[1685887901] tracker: openat(coresize, 2000000, 0)	(uid=1000, suid=1000, euid=1000)
[1685887901] tracker: openat(/sys/module/snd_intel8x0/holders, 2204000, 0)	(uid=1000, suid=1000, euid=1000)
[1685887901] tracker: openat(/sys/module/snd_ac97_codec/refcnt, 2000000, 0)	(uid=1000, suid=1000, euid=1000)
[1685887901] tracker: openat(/sys/module/snd_ac97_codec, 2000000, 0)	(uid=1000, suid=1000, euid=1000)
[1685887901] tracker: openat(coresize, 2000000, 0)	(uid=1000, suid=1000, euid=1000)
[1685887901] tracker: openat(/sys/module/snd_ac97_codec/holders, 2204000, 0)	(uid=1000, suid=1000, euid=1000)
[1685887901] tracker: openat(/sys/module/ac97_bus/refcnt, 2000000, 0)	(uid=1000, suid=1000, euid=1000)
[1685887901] tracker: openat(/sys/module/ac97_bus, 2000000, 0)	(uid=1000, suid=1000, euid=1000)
[1685887901] tracker: openat(coresize, 2000000, 0)	(uid=1000, suid=1000, euid=1000)
[1685887901] tracker: openat(/sys/module/ac97_bus/holders, 2204000, 0)	(uid=1000, suid=1000, euid=1000)
[1685887901] tracker: openat(/sys/module/snd_pcm/refcnt, 2000000, 0)	(uid=1000, suid=1000, euid=1000)
[1685887901] tracker: openat(/sys/module/snd_pcm, 2000000, 0)	(uid=1000, suid=1000, euid=1000)
[1685887901] tracker: openat(coresize, 2000000, 0)	(uid=1000, suid=1000, euid=1000)
[1685887901] tracker: openat(/sys/module/snd_pcm/holders, 2204000, 0)	(uid=1000, suid=1000, euid=1000)
[1685887901] tracker: openat(/sys/module/snd_seq_midi/refcnt, 2000000, 0)	(uid=1000, suid=1000, euid=1000)
[1685887901] tracker: openat(/sys/module/snd_seq_midi, 2000000, 0)	(uid=1000, suid=1000, euid=1000)
[1685887901] tracker: openat(coresize, 2000000, 0)	(uid=1000, suid=1000, euid=1000)
[1685887901] tracker: openat(/sys/module/snd_seq_midi/holders, 2204000, 0)	(uid=1000, suid=1000, euid=1000)
[1685887901] tracker: openat(/sys/module/intel_rapl_msr/refcnt, 2000000, 0)	(uid=1000, suid=1000, euid=1000)
[1685887901] tracker: openat(/sys/module/intel_rapl_msr, 2000000, 0)	(uid=1000, suid=1000, euid=1000)
[1685887901] tracker: openat(coresize, 2000000, 0)	(uid=1000, suid=1000, euid=1000)
[1685887901] tracker: openat(/sys/module/intel_rapl_msr/holders, 2204000, 0)	(uid=1000, suid=1000, euid=1000)
[1685887901] tracker: openat(/sys/module/snd_seq_midi_event/refcnt, 2000000, 0)	(uid=1000, suid=1000, euid=1000)
[1685887901] tracker: openat(/sys/module/snd_seq_midi_event, 2000000, 0)	(uid=1000, suid=1000, euid=1000)
[1685887901] tracker: openat(coresize, 2000000, 0)	(uid=1000, suid=1000, euid=1000)
[1685887901] tracker: openat(/sys/module/snd_seq_midi_event/holders, 2204000, 0)	(uid=1000, suid=1000, euid=1000)
[1685887901] tracker: openat(/sys/module/snd_rawmidi/refcnt, 2000000, 0)	(uid=1000, suid=1000, euid=1000)
[1685887901] tracker: openat(/sys/module/snd_rawmidi, 2000000, 0)	(uid=1000, suid=1000, euid=1000)
[1685887901] tracker: openat(coresize, 2000000, 0)	(uid=1000, suid=1000, euid=1000)
[1685887901] tracker: openat(/sys/module/snd_rawmidi/holders, 2204000, 0)	(uid=1000, suid=1000, euid=1000)
[1685887901] tracker: openat(/sys/module/intel_rapl_common/refcnt, 2000000, 0)	(uid=1000, suid=1000, euid=1000)
[1685887901] tracker: openat(/sys/module/intel_rapl_common, 2000000, 0)	(uid=1000, suid=1000, euid=1000)
[1685887901] tracker: openat(coresize, 2000000, 0)	(uid=1000, suid=1000, euid=1000)
[1685887901] tracker: openat(/sys/module/intel_rapl_common/holders, 2204000, 0)	(uid=1000, suid=1000, euid=1000)
[1685887901] tracker: openat(/sys/module/crct10dif_pclmul/refcnt, 2000000, 0)	(uid=1000, suid=1000, euid=1000)
[1685887901] tracker: openat(/sys/module/crct10dif_pclmul, 2000000, 0)	(uid=1000, suid=1000, euid=1000)
[1685887901] tracker: openat(coresize, 2000000, 0)	(uid=1000, suid=1000, euid=1000)
[1685887901] tracker: openat(/sys/module/crct10dif_pclmul/holders, 2204000, 0)	(uid=1000, suid=1000, euid=1000)
[1685887901] tracker: openat(/sys/module/snd_seq/refcnt, 2000000, 0)	(uid=1000, suid=1000, euid=1000)
[1685887901] tracker: openat(/sys/module/snd_seq, 2000000, 0)	(uid=1000, suid=1000, euid=1000)
[1685887901] tracker: openat(coresize, 2000000, 0)	(uid=1000, suid=1000, euid=1000)
[1685887901] tracker: openat(/sys/module/snd_seq/holders, 2204000, 0)	(uid=1000, suid=1000, euid=1000)
[1685887901] tracker: openat(/sys/module/ghash_clmulni_intel/refcnt, 2000000, 0)	(uid=1000, suid=1000, euid=1000)
[1685887901] tracker: openat(/sys/module/ghash_clmulni_intel, 2000000, 0)	(uid=1000, suid=1000, euid=1000)
[1685887901] tracker: openat(coresize, 2000000, 0)	(uid=1000, suid=1000, euid=1000)
[1685887901] tracker: openat(/sys/module/ghash_clmulni_intel/holders, 2204000, 0)	(uid=1000, suid=1000, euid=1000)
[1685887901] tracker: openat(/sys/module/vmwgfx/refcnt, 2000000, 0)	(uid=1000, suid=1000, euid=1000)
[1685887901] tracker: openat(/sys/module/vmwgfx, 2000000, 0)	(uid=1000, suid=1000, euid=1000)
[1685887901] tracker: openat(coresize, 2000000, 0)	(uid=1000, suid=1000, euid=1000)
[1685887901] tracker: openat(/sys/module/vmwgfx/holders, 2204000, 0)	(uid=1000, suid=1000, euid=1000)
[1685887901] tracker: openat(/sys/module/snd_seq_device/refcnt, 2000000, 0)	(uid=1000, suid=1000, euid=1000)
[1685887901] tracker: openat(/sys/module/snd_seq_device, 2000000, 0)	(uid=1000, suid=1000, euid=1000)
[1685887901] tracker: openat(coresize, 2000000, 0)	(uid=1000, suid=1000, euid=1000)
[1685887901] tracker: openat(/sys/module/snd_seq_device/holders, 2204000, 0)	(uid=1000, suid=1000, euid=1000)
[1685887901] tracker: openat(/sys/module/snd_timer/refcnt, 2000000, 0)	(uid=1000, suid=1000, euid=1000)
[1685887901] tracker: openat(/sys/module/snd_timer, 2000000, 0)	(uid=1000, suid=1000, euid=1000)
[1685887901] tracker: openat(coresize, 2000000, 0)	(uid=1000, suid=1000, euid=1000)
[1685887901] tracker: openat(/sys/module/snd_timer/holders, 2204000, 0)	(uid=1000, suid=1000, euid=1000)
[1685887901] tracker: openat(/sys/module/drm_ttm_helper/refcnt, 2000000, 0)	(uid=1000, suid=1000, euid=1000)
[1685887901] tracker: openat(/sys/module/drm_ttm_helper, 2000000, 0)	(uid=1000, suid=1000, euid=1000)
[1685887901] tracker: openat(coresize, 2000000, 0)	(uid=1000, suid=1000, euid=1000)
[1685887901] tracker: openat(/sys/module/drm_ttm_helper/holders, 2204000, 0)	(uid=1000, suid=1000, euid=1000)
[1685887901] tracker: openat(/sys/module/aesni_intel/refcnt, 2000000, 0)	(uid=1000, suid=1000, euid=1000)
[1685887901] tracker: openat(/sys/module/aesni_intel, 2000000, 0)	(uid=1000, suid=1000, euid=1000)
[1685887901] tracker: openat(coresize, 2000000, 0)	(uid=1000, suid=1000, euid=1000)
[1685887901] tracker: openat(/sys/module/aesni_intel/holders, 2204000, 0)	(uid=1000, suid=1000, euid=1000)
[1685887901] tracker: openat(/sys/module/ttm/refcnt, 2000000, 0)	(uid=1000, suid=1000, euid=1000)
[1685887901] tracker: openat(/sys/module/ttm, 2000000, 0)	(uid=1000, suid=1000, euid=1000)
[1685887901] tracker: openat(coresize, 2000000, 0)	(uid=1000, suid=1000, euid=1000)
[1685887901] tracker: openat(/sys/module/ttm/holders, 2204000, 0)	(uid=1000, suid=1000, euid=1000)
[1685887901] tracker: openat(/sys/module/joydev/refcnt, 2000000, 0)	(uid=1000, suid=1000, euid=1000)
[1685887901] tracker: openat(/sys/module/joydev, 2000000, 0)	(uid=1000, suid=1000, euid=1000)
[1685887901] tracker: openat(coresize, 2000000, 0)	(uid=1000, suid=1000, euid=1000)
[1685887901] tracker: openat(/sys/module/joydev/holders, 2204000, 0)	(uid=1000, suid=1000, euid=1000)
[1685887901] tracker: openat(/sys/module/crypto_simd/refcnt, 2000000, 0)	(uid=1000, suid=1000, euid=1000)
[1685887901] tracker: openat(/sys/module/crypto_simd, 2000000, 0)	(uid=1000, suid=1000, euid=1000)
[1685887901] tracker: openat(coresize, 2000000, 0)	(uid=1000, suid=1000, euid=1000)
[1685887901] tracker: openat(/sys/module/crypto_simd/holders, 2204000, 0)	(uid=1000, suid=1000, euid=1000)
[1685887901] tracker: openat(/sys/module/snd/refcnt, 2000000, 0)	(uid=1000, suid=1000, euid=1000)
[1685887901] tracker: openat(/sys/module/snd, 2000000, 0)	(uid=1000, suid=1000, euid=1000)
[1685887901] tracker: openat(coresize, 2000000, 0)	(uid=1000, suid=1000, euid=1000)
[1685887901] tracker: openat(/sys/module/snd/holders, 2204000, 0)	(uid=1000, suid=1000, euid=1000)
[1685887901] tracker: openat(/sys/module/input_leds/refcnt, 2000000, 0)	(uid=1000, suid=1000, euid=1000)
[1685887901] tracker: openat(/sys/module/input_leds, 2000000, 0)	(uid=1000, suid=1000, euid=1000)
[1685887901] tracker: openat(coresize, 2000000, 0)	(uid=1000, suid=1000, euid=1000)
[1685887901] tracker: openat(/sys/module/input_leds/holders, 2204000, 0)	(uid=1000, suid=1000, euid=1000)
[1685887901] tracker: openat(/sys/module/cryptd/refcnt, 2000000, 0)	(uid=1000, suid=1000, euid=1000)
[1685887901] tracker: openat(/sys/module/cryptd, 2000000, 0)	(uid=1000, suid=1000, euid=1000)
[1685887901] tracker: openat(coresize, 2000000, 0)	(uid=1000, suid=1000, euid=1000)
[1685887901] tracker: openat(/sys/module/cryptd/holders, 2204000, 0)	(uid=1000, suid=1000, euid=1000)
[1685887901] tracker: openat(/sys/module/drm_kms_helper/refcnt, 2000000, 0)	(uid=1000, suid=1000, euid=1000)
[1685887901] tracker: openat(/sys/module/drm_kms_helper, 2000000, 0)	(uid=1000, suid=1000, euid=1000)
[1685887901] tracker: openat(coresize, 2000000, 0)	(uid=1000, suid=1000, euid=1000)
[1685887901] tracker: openat(/sys/module/drm_kms_helper/holders, 2204000, 0)	(uid=1000, suid=1000, euid=1000)
[1685887901] tracker: openat(/sys/module/serio_raw/refcnt, 2000000, 0)	(uid=1000, suid=1000, euid=1000)
[1685887901] tracker: openat(/sys/module/serio_raw, 2000000, 0)	(uid=1000, suid=1000, euid=1000)
[1685887901] tracker: openat(coresize, 2000000, 0)	(uid=1000, suid=1000, euid=1000)
[1685887901] tracker: openat(/sys/module/serio_raw/holders, 2204000, 0)	(uid=1000, suid=1000, euid=1000)
[1685887901] tracker: openat(/sys/module/vboxguest/refcnt, 2000000, 0)	(uid=1000, suid=1000, euid=1000)
[1685887901] tracker: openat(/sys/module/vboxguest, 2000000, 0)	(uid=1000, suid=1000, euid=1000)
[1685887901] tracker: openat(coresize, 2000000, 0)	(uid=1000, suid=1000, euid=1000)
[1685887901] tracker: openat(/sys/module/vboxguest/holders, 2204000, 0)	(uid=1000, suid=1000, euid=1000)
[1685887901] tracker: openat(/sys/module/fb_sys_fops/refcnt, 2000000, 0)	(uid=1000, suid=1000, euid=1000)
[1685887901] tracker: openat(/sys/module/fb_sys_fops, 2000000, 0)	(uid=1000, suid=1000, euid=1000)
[1685887901] tracker: openat(coresize, 2000000, 0)	(uid=1000, suid=1000, euid=1000)
[1685887901] tracker: openat(/sys/module/fb_sys_fops/holders, 2204000, 0)	(uid=1000, suid=1000, euid=1000)
[1685887901] tracker: openat(/sys/module/soundcore/refcnt, 2000000, 0)	(uid=1000, suid=1000, euid=1000)
[1685887901] tracker: openat(/sys/module/soundcore, 2000000, 0)	(uid=1000, suid=1000, euid=1000)
[1685887901] tracker: openat(coresize, 2000000, 0)	(uid=1000, suid=1000, euid=1000)
[1685887901] tracker: openat(/sys/module/soundcore/holders, 2204000, 0)	(uid=1000, suid=1000, euid=1000)
[1685887901] tracker: openat(/sys/module/syscopyarea/refcnt, 2000000, 0)	(uid=1000, suid=1000, euid=1000)
[1685887901] tracker: openat(/sys/module/syscopyarea, 2000000, 0)	(uid=1000, suid=1000, euid=1000)
[1685887901] tracker: openat(coresize, 2000000, 0)	(uid=1000, suid=1000, euid=1000)
[1685887901] tracker: openat(/sys/module/syscopyarea/holders, 2204000, 0)	(uid=1000, suid=1000, euid=1000)
[1685887901] tracker: openat(/sys/module/sysfillrect/refcnt, 2000000, 0)	(uid=1000, suid=1000, euid=1000)
[1685887901] tracker: openat(/sys/module/sysfillrect, 2000000, 0)	(uid=1000, suid=1000, euid=1000)
[1685887901] tracker: openat(coresize, 2000000, 0)	(uid=1000, suid=1000, euid=1000)
[1685887901] tracker: openat(/sys/module/sysfillrect/holders, 2204000, 0)	(uid=1000, suid=1000, euid=1000)
[1685887901] tracker: openat(/sys/module/sysimgblt/refcnt, 2000000, 0)	(uid=1000, suid=1000, euid=1000)
[1685887901] tracker: openat(/sys/module/sysimgblt, 2000000, 0)	(uid=1000, suid=1000, euid=1000)
[1685887901] tracker: openat(coresize, 2000000, 0)	(uid=1000, suid=1000, euid=1000)
[1685887901] tracker: openat(/sys/module/sysimgblt/holders, 2204000, 0)	(uid=1000, suid=1000, euid=1000)
[1685887901] tracker: openat(/sys/module/mac_hid/refcnt, 2000000, 0)	(uid=1000, suid=1000, euid=1000)
[1685887901] tracker: openat(/sys/module/mac_hid, 2000000, 0)	(uid=1000, suid=1000, euid=1000)
[1685887901] tracker: openat(coresize, 2000000, 0)	(uid=1000, suid=1000, euid=1000)
[1685887901] tracker: openat(/sys/module/mac_hid/holders, 2204000, 0)	(uid=1000, suid=1000, euid=1000)
[1685887901] tracker: openat(/sys/module/sch_fq_codel/refcnt, 2000000, 0)	(uid=1000, suid=1000, euid=1000)
[1685887901] tracker: openat(/sys/module/sch_fq_codel, 2000000, 0)	(uid=1000, suid=1000, euid=1000)
[1685887901] tracker: openat(coresize, 2000000, 0)	(uid=1000, suid=1000, euid=1000)
[1685887901] tracker: openat(/sys/module/sch_fq_codel/holders, 2204000, 0)	(uid=1000, suid=1000, euid=1000)
[1685887901] tracker: openat(/sys/module/msr/refcnt, 2000000, 0)	(uid=1000, suid=1000, euid=1000)
[1685887901] tracker: openat(/sys/module/msr, 2000000, 0)	(uid=1000, suid=1000, euid=1000)
[1685887901] tracker: openat(coresize, 2000000, 0)	(uid=1000, suid=1000, euid=1000)
[1685887901] tracker: openat(/sys/module/msr/holders, 2204000, 0)	(uid=1000, suid=1000, euid=1000)
[1685887901] tracker: openat(/sys/module/parport_pc/refcnt, 2000000, 0)	(uid=1000, suid=1000, euid=1000)
[1685887901] tracker: openat(/sys/module/parport_pc, 2000000, 0)	(uid=1000, suid=1000, euid=1000)
[1685887901] tracker: openat(coresize, 2000000, 0)	(uid=1000, suid=1000, euid=1000)
[1685887901] tracker: openat(/sys/module/parport_pc/holders, 2204000, 0)	(uid=1000, suid=1000, euid=1000)
[1685887901] tracker: openat(/sys/module/ppdev/refcnt, 2000000, 0)	(uid=1000, suid=1000, euid=1000)
[1685887901] tracker: openat(/sys/module/ppdev, 2000000, 0)	(uid=1000, suid=1000, euid=1000)
[1685887901] tracker: openat(coresize, 2000000, 0)	(uid=1000, suid=1000, euid=1000)
[1685887901] tracker: openat(/sys/module/ppdev/holders, 2204000, 0)	(uid=1000, suid=1000, euid=1000)
[1685887901] tracker: openat(/sys/module/lp/refcnt, 2000000, 0)	(uid=1000, suid=1000, euid=1000)
[1685887901] tracker: openat(/sys/module/lp, 2000000, 0)	(uid=1000, suid=1000, euid=1000)
[1685887901] tracker: openat(coresize, 2000000, 0)	(uid=1000, suid=1000, euid=1000)
[1685887901] tracker: openat(/sys/module/lp/holders, 2204000, 0)	(uid=1000, suid=1000, euid=1000)
[1685887901] tracker: openat(/sys/module/parport/refcnt, 2000000, 0)	(uid=1000, suid=1000, euid=1000)
[1685887901] tracker: openat(/sys/module/parport, 2000000, 0)	(uid=1000, suid=1000, euid=1000)
[1685887901] tracker: openat(coresize, 2000000, 0)	(uid=1000, suid=1000, euid=1000)
[1685887901] tracker: openat(/sys/module/parport/holders, 2204000, 0)	(uid=1000, suid=1000, euid=1000)
[1685887901] tracker: openat(/sys/module/ramoops/refcnt, 2000000, 0)	(uid=1000, suid=1000, euid=1000)
[1685887901] tracker: openat(/sys/module/ramoops, 2000000, 0)	(uid=1000, suid=1000, euid=1000)
[1685887901] tracker: openat(coresize, 2000000, 0)	(uid=1000, suid=1000, euid=1000)
[1685887901] tracker: openat(/sys/module/ramoops/holders, 2204000, 0)	(uid=1000, suid=1000, euid=1000)
[1685887901] tracker: openat(/sys/module/pstore_blk/refcnt, 2000000, 0)	(uid=1000, suid=1000, euid=1000)
[1685887901] tracker: openat(/sys/module/pstore_blk, 2000000, 0)	(uid=1000, suid=1000, euid=1000)
[1685887901] tracker: openat(coresize, 2000000, 0)	(uid=1000, suid=1000, euid=1000)
[1685887901] tracker: openat(/sys/module/pstore_blk/holders, 2204000, 0)	(uid=1000, suid=1000, euid=1000)
[1685887901] tracker: openat(/sys/module/drm/refcnt, 2000000, 0)	(uid=1000, suid=1000, euid=1000)
[1685887901] tracker: openat(/sys/module/drm, 2000000, 0)	(uid=1000, suid=1000, euid=1000)
[1685887901] tracker: openat(coresize, 2000000, 0)	(uid=1000, suid=1000, euid=1000)
[1685887901] tracker: openat(/sys/module/drm/holders, 2204000, 0)	(uid=1000, suid=1000, euid=1000)
[1685887901] tracker: openat(/sys/module/reed_solomon/refcnt, 2000000, 0)	(uid=1000, suid=1000, euid=1000)
[1685887901] tracker: openat(/sys/module/reed_solomon, 2000000, 0)	(uid=1000, suid=1000, euid=1000)
[1685887901] tracker: openat(coresize, 2000000, 0)	(uid=1000, suid=1000, euid=1000)
[1685887901] tracker: openat(/sys/module/reed_solomon/holders, 2204000, 0)	(uid=1000, suid=1000, euid=1000)
[1685887901] tracker: openat(/sys/module/efi_pstore/refcnt, 2000000, 0)	(uid=1000, suid=1000, euid=1000)
[1685887901] tracker: openat(/sys/module/efi_pstore, 2000000, 0)	(uid=1000, suid=1000, euid=1000)
[1685887901] tracker: openat(coresize, 2000000, 0)	(uid=1000, suid=1000, euid=1000)
[1685887901] tracker: openat(/sys/module/efi_pstore/holders, 2204000, 0)	(uid=1000, suid=1000, euid=1000)
[1685887901] tracker: openat(/sys/module/pstore_zone/refcnt, 2000000, 0)	(uid=1000, suid=1000, euid=1000)
[1685887901] tracker: openat(/sys/module/pstore_zone, 2000000, 0)	(uid=1000, suid=1000, euid=1000)
[1685887901] tracker: openat(coresize, 2000000, 0)	(uid=1000, suid=1000, euid=1000)
[1685887901] tracker: openat(/sys/module/pstore_zone/holders, 2204000, 0)	(uid=1000, suid=1000, euid=1000)
[1685887901] tracker: openat(/sys/module/ip_tables/refcnt, 2000000, 0)	(uid=1000, suid=1000, euid=1000)
[1685887901] tracker: openat(/sys/module/ip_tables, 2000000, 0)	(uid=1000, suid=1000, euid=1000)
[1685887901] tracker: openat(coresize, 2000000, 0)	(uid=1000, suid=1000, euid=1000)
[1685887901] tracker: openat(/sys/module/ip_tables/holders, 2204000, 0)	(uid=1000, suid=1000, euid=1000)
[1685887901] tracker: openat(/sys/module/x_tables/refcnt, 2000000, 0)	(uid=1000, suid=1000, euid=1000)
[1685887901] tracker: openat(/sys/module/x_tables, 2000000, 0)	(uid=1000, suid=1000, euid=1000)
[1685887901] tracker: openat(coresize, 2000000, 0)	(uid=1000, suid=1000, euid=1000)
[1685887901] tracker: openat(/sys/module/x_tables/holders, 2204000, 0)	(uid=1000, suid=1000, euid=1000)
[1685887901] tracker: openat(/sys/module/autofs4/refcnt, 2000000, 0)	(uid=1000, suid=1000, euid=1000)
[1685887901] tracker: openat(/sys/module/autofs4, 2000000, 0)	(uid=1000, suid=1000, euid=1000)
[1685887901] tracker: openat(coresize, 2000000, 0)	(uid=1000, suid=1000, euid=1000)
[1685887901] tracker: openat(/sys/module/autofs4/holders, 2204000, 0)	(uid=1000, suid=1000, euid=1000)
[1685887901] tracker: openat(/sys/module/hid_generic/refcnt, 2000000, 0)	(uid=1000, suid=1000, euid=1000)
[1685887901] tracker: openat(/sys/module/hid_generic, 2000000, 0)	(uid=1000, suid=1000, euid=1000)
[1685887901] tracker: openat(coresize, 2000000, 0)	(uid=1000, suid=1000, euid=1000)
[1685887901] tracker: openat(/sys/module/hid_generic/holders, 2204000, 0)	(uid=1000, suid=1000, euid=1000)
[1685887901] tracker: openat(/sys/module/usbhid/refcnt, 2000000, 0)	(uid=1000, suid=1000, euid=1000)
[1685887901] tracker: openat(/sys/module/usbhid, 2000000, 0)	(uid=1000, suid=1000, euid=1000)
[1685887901] tracker: openat(coresize, 2000000, 0)	(uid=1000, suid=1000, euid=1000)
[1685887901] tracker: openat(/sys/module/usbhid/holders, 2204000, 0)	(uid=1000, suid=1000, euid=1000)
[1685887901] tracker: openat(/sys/module/hid/refcnt, 2000000, 0)	(uid=1000, suid=1000, euid=1000)
[1685887901] tracker: openat(/sys/module/hid, 2000000, 0)	(uid=1000, suid=1000, euid=1000)
[1685887901] tracker: openat(coresize, 2000000, 0)	(uid=1000, suid=1000, euid=1000)
[1685887901] tracker: openat(/sys/module/hid/holders, 2204000, 0)	(uid=1000, suid=1000, euid=1000)
[1685887901] tracker: openat(/sys/module/ahci/refcnt, 2000000, 0)	(uid=1000, suid=1000, euid=1000)
[1685887901] tracker: openat(/sys/module/ahci, 2000000, 0)	(uid=1000, suid=1000, euid=1000)
[1685887901] tracker: openat(coresize, 2000000, 0)	(uid=1000, suid=1000, euid=1000)
[1685887901] tracker: openat(/sys/module/ahci/holders, 2204000, 0)	(uid=1000, suid=1000, euid=1000)
[1685887901] tracker: openat(/sys/module/crc32_pclmul/refcnt, 2000000, 0)	(uid=1000, suid=1000, euid=1000)
[1685887901] tracker: openat(/sys/module/crc32_pclmul, 2000000, 0)	(uid=1000, suid=1000, euid=1000)
[1685887901] tracker: openat(coresize, 2000000, 0)	(uid=1000, suid=1000, euid=1000)
[1685887901] tracker: openat(/sys/module/crc32_pclmul/holders, 2204000, 0)	(uid=1000, suid=1000, euid=1000)
[1685887901] tracker: openat(/sys/module/e1000/refcnt, 2000000, 0)	(uid=1000, suid=1000, euid=1000)
[1685887901] tracker: openat(/sys/module/e1000, 2000000, 0)	(uid=1000, suid=1000, euid=1000)
[1685887901] tracker: openat(coresize, 2000000, 0)	(uid=1000, suid=1000, euid=1000)
[1685887901] tracker: openat(/sys/module/e1000/holders, 2204000, 0)	(uid=1000, suid=1000, euid=1000)
[1685887901] tracker: openat(/sys/module/psmouse/refcnt, 2000000, 0)	(uid=1000, suid=1000, euid=1000)
[1685887901] tracker: openat(/sys/module/psmouse, 2000000, 0)	(uid=1000, suid=1000, euid=1000)
[1685887901] tracker: openat(coresize, 2000000, 0)	(uid=1000, suid=1000, euid=1000)
[1685887901] tracker: openat(/sys/module/psmouse/holders, 2204000, 0)	(uid=1000, suid=1000, euid=1000)
[1685887901] tracker: openat(/sys/module/libahci/refcnt, 2000000, 0)	(uid=1000, suid=1000, euid=1000)
[1685887901] tracker: openat(/sys/module/libahci, 2000000, 0)	(uid=1000, suid=1000, euid=1000)
[1685887901] tracker: openat(coresize, 2000000, 0)	(uid=1000, suid=1000, euid=1000)
[1685887901] tracker: openat(/sys/module/libahci/holders, 2204000, 0)	(uid=1000, suid=1000, euid=1000)
[1685887901] tracker: openat(/sys/module/i2c_piix4/refcnt, 2000000, 0)	(uid=1000, suid=1000, euid=1000)
[1685887901] tracker: openat(/sys/module/i2c_piix4, 2000000, 0)	(uid=1000, suid=1000, euid=1000)
[1685887901] tracker: openat(coresize, 2000000, 0)	(uid=1000, suid=1000, euid=1000)
[1685887901] tracker: openat(/sys/module/i2c_piix4/holders, 2204000, 0)	(uid=1000, suid=1000, euid=1000)
[1685887901] tracker: openat(/sys/module/pata_acpi/refcnt, 2000000, 0)	(uid=1000, suid=1000, euid=1000)
[1685887901] tracker: openat(/sys/module/pata_acpi, 2000000, 0)	(uid=1000, suid=1000, euid=1000)
[1685887901] tracker: openat(coresize, 2000000, 0)	(uid=1000, suid=1000, euid=1000)
[1685887901] tracker: openat(/sys/module/pata_acpi/holders, 2204000, 0)	(uid=1000, suid=1000, euid=1000)
[1685887901] tracker: openat(/sys/module/video/refcnt, 2000000, 0)	(uid=1000, suid=1000, euid=1000)
[1685887901] tracker: openat(/sys/module/video, 2000000, 0)	(uid=1000, suid=1000, euid=1000)
[1685887901] tracker: openat(coresize, 2000000, 0)	(uid=1000, suid=1000, euid=1000)
[1685887901] tracker: openat(/sys/module/video/holders, 2204000, 0)	(uid=1000, suid=1000, euid=1000)
[1685887901] tracker: openat(/run/user/1000/.mutter-Xwaylandauth.457051, 0, 0)	(uid=1000, suid=1000, euid=1000)
[1685887901] tracker: openat(/proc/1971/cmdline, 0, 0)	(uid=1000, suid=1000, euid=1000)
[1685887901] tracker: execve(/usr/bin/sudo, {sudo, rmmod, tracker})	(uid=1000, suid=1000, euid=1000)
[1685887901] tracker: openat(/usr/libexec/sudo/glibc-hwcaps/x86-64-v2/libaudit.so.1, 2000000, 0)	(uid=1000, suid=0, euid=0)
[1685887901] tracker: openat(/usr/libexec/sudo/tls/x86_64/x86_64/libaudit.so.1, 2000000, 0)	(uid=1000, suid=0, euid=0)
[1685887901] tracker: openat(/usr/libexec/sudo/tls/x86_64/libaudit.so.1, 2000000, 0)	(uid=1000, suid=0, euid=0)
[1685887901] tracker: openat(/usr/libexec/sudo/tls/x86_64/libaudit.so.1, 2000000, 0)	(uid=1000, suid=0, euid=0)
[1685887901] tracker: openat(/usr/libexec/sudo/tls/libaudit.so.1, 2000000, 0)	(uid=1000, suid=0, euid=0)
[1685887901] tracker: openat(/usr/libexec/sudo/x86_64/x86_64/libaudit.so.1, 2000000, 0)	(uid=1000, suid=0, euid=0)
[1685887901] tracker: openat(/usr/libexec/sudo/x86_64/libaudit.so.1, 2000000, 0)	(uid=1000, suid=0, euid=0)
[1685887901] tracker: openat(/usr/libexec/sudo/x86_64/libaudit.so.1, 2000000, 0)	(uid=1000, suid=0, euid=0)
[1685887901] tracker: openat(/usr/libexec/sudo/libaudit.so.1, 2000000, 0)	(uid=1000, suid=0, euid=0)
[1685887901] tracker: openat(/etc/ld.so.cache, 2000000, 0)	(uid=1000, suid=0, euid=0)
[1685887901] tracker: openat(/lib/x86_64-linux-gnu/libaudit.so.1, 2000000, 0)	(uid=1000, suid=0, euid=0)
[1685887901] tracker: openat(/usr/libexec/sudo/libselinux.so.1, 2000000, 0)	(uid=1000, suid=0, euid=0)
[1685887901] tracker: openat(/lib/x86_64-linux-gnu/libselinux.so.1, 2000000, 0)	(uid=1000, suid=0, euid=0)
[1685887901] tracker: openat(/usr/libexec/sudo/libsudo_util.so.0, 2000000, 0)	(uid=1000, suid=0, euid=0)
[1685887901] tracker: openat(/usr/libexec/sudo/libc.so.6, 2000000, 0)	(uid=1000, suid=0, euid=0)
[1685887901] tracker: openat(/lib/x86_64-linux-gnu/libc.so.6, 2000000, 0)	(uid=1000, suid=0, euid=0)
[1685887901] tracker: openat(/lib/x86_64-linux-gnu/libcap-ng.so.0, 2000000, 0)	(uid=1000, suid=0, euid=0)
[1685887901] tracker: openat(/lib/x86_64-linux-gnu/libpcre2-8.so.0, 2000000, 0)	(uid=1000, suid=0, euid=0)
[1685887901] tracker: openat(/proc/filesystems, 2000000, 0)	(uid=1000, suid=0, euid=0)
[1685887901] tracker: openat(/usr/lib/locale/locale-archive, 2000000, 0)	(uid=1000, suid=0, euid=0)
[1685887901] tracker: openat(/etc/localtime, 2000000, 0)	(uid=1000, suid=0, euid=0)
[1685887901] tracker: openat(/etc/sudo.conf, 0, 0)	(uid=1000, suid=0, euid=0)
[1685887901] tracker: openat(/etc/sudo.conf, 0, 0)	(uid=1000, suid=0, euid=0)
[1685887901] tracker: openat(/dev/tty, 2, 0)	(uid=1000, suid=0, euid=0)
[1685887901] tracker: openat(/etc/nsswitch.conf, 2000000, 0)	(uid=1000, suid=0, euid=0)
[1685887901] tracker: openat(/etc/passwd, 2000000, 0)	(uid=1000, suid=0, euid=0)
[1685887901] tracker: openat(/proc/sys/kernel/ngroups_max, 2000000, 0)	(uid=1000, suid=0, euid=0)
[1685887901] tracker: openat(/proc/self/stat, 400000, 0)	(uid=1000, suid=0, euid=0)
[1685887901] tracker: openat(/usr/libexec/sudo/sudoers.so, 2000000, 0)	(uid=1000, suid=0, euid=0)
[1685887901] tracker: openat(/usr/libexec/sudo/libpam.so.0, 2000000, 0)	(uid=1000, suid=0, euid=0)
[1685887901] tracker: openat(/etc/ld.so.cache, 2000000, 0)	(uid=1000, suid=0, euid=0)
[1685887901] tracker: openat(/lib/x86_64-linux-gnu/libpam.so.0, 2000000, 0)	(uid=1000, suid=0, euid=0)
[1685887901] tracker: openat(/usr/libexec/sudo/libz.so.1, 2000000, 0)	(uid=1000, suid=0, euid=0)
[1685887901] tracker: openat(/lib/x86_64-linux-gnu/libz.so.1, 2000000, 0)	(uid=1000, suid=0, euid=0)
[1685887901] tracker: openat(/usr/share/locale/locale.alias, 2000000, 0)	(uid=1000, suid=0, euid=0)
[1685887901] tracker: openat(/usr/share/locale/en_US/LC_MESSAGES/sudoers.mo, 0, 0)	(uid=1000, suid=0, euid=0)
[1685887901] tracker: openat(/usr/share/locale/en/LC_MESSAGES/sudoers.mo, 0, 0)	(uid=1000, suid=0, euid=0)
[1685887901] tracker: openat(/usr/share/locale-langpack/en_US/LC_MESSAGES/sudoers.mo, 0, 0)	(uid=1000, suid=0, euid=0)
[1685887901] tracker: openat(/usr/share/locale-langpack/en/LC_MESSAGES/sudoers.mo, 0, 0)	(uid=1000, suid=0, euid=0)
[1685887901] tracker: openat(/etc/passwd, 2000000, 0)	(uid=1000, suid=0, euid=0)
[1685887901] tracker: openat(/etc/passwd, 2000000, 0)	(uid=1000, suid=0, euid=0)
[1685887901] tracker: openat(/etc/nsswitch.conf, 0, 0)	(uid=1000, suid=0, euid=0)
[1685887901] tracker: openat(/proc/sys/kernel/ngroups_max, 2000000, 0)	(uid=1000, suid=0, euid=0)
[1685887901] tracker: openat(/etc/group, 2000000, 0)	(uid=1000, suid=0, euid=0)
[1685887901] tracker: openat(/etc/ld.so.cache, 2000000, 0)	(uid=1000, suid=0, euid=0)
[1685887901] tracker: openat(/lib/x86_64-linux-gnu/libnss_systemd.so.2, 2000000, 0)	(uid=1000, suid=0, euid=0)
[1685887901] tracker: openat(/etc/ld.so.cache, 2000000, 0)	(uid=1000, suid=0, euid=0)
[1685887901] tracker: openat(/lib/x86_64-linux-gnu/libnss_sss.so.2, 2000000, 0)	(uid=1000, suid=0, euid=0)
[1685887901] tracker: openat(/var/lib/sss/mc/initgroups, 2000000, 0)	(uid=1000, suid=0, euid=0)
[1685887901] tracker: openat(/var/lib/sss/mc/initgroups, 2000000, 0)	(uid=1000, suid=0, euid=0)
[1685887901] tracker: openat(/etc/group, 2000000, 0)	(uid=1000, suid=0, euid=0)
[1685887901] tracker: openat(/etc/group, 2000000, 0)	(uid=1000, suid=0, euid=0)
[1685887901] tracker: openat(/etc/pam.d/sudo, 0, 0)	(uid=1000, suid=0, euid=0)
[1685887901] tracker: openat(/lib/x86_64-linux-gnu/security/pam_limits.so, 2000000, 0)	(uid=1000, suid=0, euid=0)
[1685887901] tracker: openat(/lib/x86_64-linux-gnu/security/pam_env.so, 2000000, 0)	(uid=1000, suid=0, euid=0)
[1685887901] tracker: openat(/etc/pam.d/common-auth, 0, 0)	(uid=1000, suid=0, euid=0)
[1685887901] tracker: openat(/lib/x86_64-linux-gnu/security/pam_unix.so, 2000000, 0)	(uid=1000, suid=0, euid=0)
[1685887901] tracker: openat(/etc/ld.so.cache, 2000000, 0)	(uid=1000, suid=0, euid=0)
[1685887901] tracker: openat(/lib/x86_64-linux-gnu/libcrypt.so.1, 2000000, 0)	(uid=1000, suid=0, euid=0)
[1685887901] tracker: openat(/lib/x86_64-linux-gnu/libnsl.so.2, 2000000, 0)	(uid=1000, suid=0, euid=0)
[1685887901] tracker: openat(/lib/x86_64-linux-gnu/libtirpc.so.3, 2000000, 0)	(uid=1000, suid=0, euid=0)
[1685887901] tracker: openat(/lib/x86_64-linux-gnu/libgssapi_krb5.so.2, 2000000, 0)	(uid=1000, suid=0, euid=0)
[1685887901] tracker: openat(/lib/x86_64-linux-gnu/libkrb5.so.3, 2000000, 0)	(uid=1000, suid=0, euid=0)
[1685887901] tracker: openat(/lib/x86_64-linux-gnu/libk5crypto.so.3, 2000000, 0)	(uid=1000, suid=0, euid=0)
[1685887901] tracker: openat(/lib/x86_64-linux-gnu/libcom_err.so.2, 2000000, 0)	(uid=1000, suid=0, euid=0)
[1685887901] tracker: openat(/lib/x86_64-linux-gnu/libkrb5support.so.0, 2000000, 0)	(uid=1000, suid=0, euid=0)
[1685887901] tracker: openat(/lib/x86_64-linux-gnu/libkeyutils.so.1, 2000000, 0)	(uid=1000, suid=0, euid=0)
[1685887901] tracker: openat(/lib/x86_64-linux-gnu/libresolv.so.2, 2000000, 0)	(uid=1000, suid=0, euid=0)
[1685887901] tracker: openat(/lib/x86_64-linux-gnu/security/pam_sss.so, 2000000, 0)	(uid=1000, suid=0, euid=0)
[1685887901] tracker: openat(/lib/x86_64-linux-gnu/security/pam_deny.so, 2000000, 0)	(uid=1000, suid=0, euid=0)
[1685887901] tracker: openat(/lib/x86_64-linux-gnu/security/pam_permit.so, 2000000, 0)	(uid=1000, suid=0, euid=0)
[1685887901] tracker: openat(/lib/x86_64-linux-gnu/security/pam_cap.so, 2000000, 0)	(uid=1000, suid=0, euid=0)
[1685887901] tracker: openat(/etc/ld.so.cache, 2000000, 0)	(uid=1000, suid=0, euid=0)
[1685887901] tracker: openat(/lib/x86_64-linux-gnu/libcap.so.2, 2000000, 0)	(uid=1000, suid=0, euid=0)
[1685887901] tracker: openat(/etc/pam.d/common-account, 0, 0)	(uid=1000, suid=0, euid=0)
[1685887901] tracker: openat(/lib/x86_64-linux-gnu/security/pam_localuser.so, 2000000, 0)	(uid=1000, suid=0, euid=0)
[1685887901] tracker: openat(/etc/pam.d/common-session-noninteractive, 0, 0)	(uid=1000, suid=0, euid=0)
[1685887901] tracker: openat(/lib/x86_64-linux-gnu/security/pam_umask.so, 2000000, 0)	(uid=1000, suid=0, euid=0)
[1685887901] tracker: openat(/etc/pam.d/other, 0, 0)	(uid=1000, suid=0, euid=0)
[1685887901] tracker: openat(/etc/pam.d/common-auth, 0, 0)	(uid=1000, suid=0, euid=0)
[1685887901] tracker: openat(/etc/pam.d/common-account, 0, 0)	(uid=1000, suid=0, euid=0)
[1685887901] tracker: openat(/etc/pam.d/common-password, 0, 0)	(uid=1000, suid=0, euid=0)
[1685887901] tracker: openat(/lib/x86_64-linux-gnu/security/pam_pwquality.so, 2000000, 0)	(uid=1000, suid=0, euid=0)
[1685887901] tracker: openat(/etc/ld.so.cache, 2000000, 0)	(uid=1000, suid=0, euid=0)
[1685887901] tracker: openat(/lib/x86_64-linux-gnu/libpwquality.so.1, 2000000, 0)	(uid=1000, suid=0, euid=0)
[1685887901] tracker: openat(/lib/x86_64-linux-gnu/libcrack.so.2, 2000000, 0)	(uid=1000, suid=0, euid=0)
[1685887901] tracker: openat(/lib/x86_64-linux-gnu/security/pam_gnome_keyring.so, 2000000, 0)	(uid=1000, suid=0, euid=0)
[1685887901] tracker: openat(/etc/pam.d/common-session, 0, 0)	(uid=1000, suid=0, euid=0)
[1685887901] tracker: openat(/lib/x86_64-linux-gnu/security/pam_systemd.so, 2000000, 0)	(uid=1000, suid=0, euid=0)
[1685887901] tracker: openat(/etc/ld.so.cache, 2000000, 0)	(uid=1000, suid=0, euid=0)
[1685887901] tracker: openat(/lib/x86_64-linux-gnu/libpam_misc.so.0, 2000000, 0)	(uid=1000, suid=0, euid=0)
[1685887901] tracker: openat(/run/sudo/ts/purposelessness, 102, 600)	(uid=1000, suid=0, euid=0)
[1685887901] tracker: openat(/proc/stat, 0, 0)	(uid=1000, suid=0, euid=0)
[1685887901] tracker: openat(/proc/2162/stat, 400000, 0)	(uid=1000, suid=0, euid=0)
[1685887901] tracker: openat(/etc/login.defs, 0, 0)	(uid=1000, suid=0, euid=0)
[1685887901] tracker: openat(/etc/passwd, 2000000, 0)	(uid=1000, suid=0, euid=0)
[1685887901] tracker: openat(/etc/shadow, 2000000, 0)	(uid=1000, suid=0, euid=0)
[1685887901] tracker: openat(/etc/passwd, 0, 0)	(uid=1000, suid=0, euid=0)
[1685887901] tracker: openat(/etc/passwd, 2000000, 0)	(uid=1000, suid=0, euid=0)
[1685887901] tracker: openat(/etc/group, 2000000, 0)	(uid=1000, suid=0, euid=0)
[1685887901] tracker: openat(/etc/passwd, 2000000, 0)	(uid=1000, suid=0, euid=0)
[1685887901] tracker: openat(/dev/tty, 2, 0)	(uid=1000, suid=0, euid=0)
[1685887901] tracker: openat(/etc/group, 2000000, 0)	(uid=1000, suid=0, euid=0)
[1685887901] tracker: openat(/dev/ptmx, 2, 0)	(uid=1000, suid=0, euid=0)
[1685887901] tracker: openat(/var/run/utmp, 2000000, 0)	(uid=1000, suid=0, euid=0)
[1685887901] tracker: openat(/var/run/utmp, 2000002, 0)	(uid=1000, suid=0, euid=0)
[1685887901] tracker: openat(/etc/login.defs, 0, 0)	(uid=1000, suid=0, euid=0)
[1685887901] tracker: openat(/etc/passwd, 2000000, 0)	(uid=1000, suid=0, euid=0)
[1685887901] tracker: openat(/etc/group, 2000000, 0)	(uid=1000, suid=0, euid=0)
[1685887901] tracker: openat(/var/lib/sss/mc/initgroups, 2000000, 0)	(uid=1000, suid=0, euid=0)
[1685887901] tracker: openat(/var/lib/sss/mc/initgroups, 2000000, 0)	(uid=1000, suid=0, euid=0)
[1685887901] tracker: openat(/etc/group, 2000000, 0)	(uid=1000, suid=0, euid=0)
[1685887901] tracker: openat(/etc/security/capability.conf, 0, 0)	(uid=1000, suid=0, euid=0)
[1685887901] tracker: openat(/etc/passwd, 2000000, 0)	(uid=1000, suid=0, euid=0)
[1685887901] tracker: openat(/proc/1/limits, 0, 0)	(uid=1000, suid=0, euid=0)
[1685887901] tracker: openat(/etc/security/limits.conf, 0, 0)	(uid=1000, suid=0, euid=0)
[1685887901] tracker: openat(/etc/security/limits.d, 2204000, 0)	(uid=1000, suid=0, euid=0)
[1685887901] tracker: openat(/usr/lib/x86_64-linux-gnu/gconv/gconv-modules.cache, 0, 0)	(uid=1000, suid=0, euid=0)
[1685887901] tracker: openat(/etc/security/pam_env.conf, 0, 0)	(uid=1000, suid=0, euid=0)
[1685887901] tracker: openat(/etc/environment, 0, 0)	(uid=1000, suid=0, euid=0)
[1685887901] tracker: openat(/etc/security/pam_env.conf, 0, 0)	(uid=1000, suid=0, euid=0)
[1685887901] tracker: openat(/etc/default/locale, 0, 0)	(uid=1000, suid=0, euid=0)
[1685887901] tracker: openat(/etc/login.defs, 0, 0)	(uid=1000, suid=0, euid=0)
[1685887901] tracker: openat(/etc/login.defs, 0, 0)	(uid=1000, suid=0, euid=0)
[1685887901] tracker: openat(/etc/passwd, 2000000, 0)	(uid=1000, suid=0, euid=0)
[1685887901] tracker: openat(/etc/login.defs, 0, 0)	(uid=1000, suid=0, euid=0)
[1685887901] tracker: openat(/var/run/utmp, 2000000, 0)	(uid=1000, suid=0, euid=0)
[1685887901] tracker: openat(/etc/passwd, 2000000, 0)	(uid=1000, suid=0, euid=0)
